[ 10%] Built target executor_example_1_node
[ 20%] Built target executor_example_2_node
[ 30%] Built target executor_example_3_node
[ 40%] Built target executor_example_4_singlethreaded_node
[ 50%] Built target executor_example_4_node
[ 60%] Built target executor_example_5_node
[ 70%] Built target executor_example_5_mutualyexclusive_node
[35m[1mConsolidate compiler generated dependencies of target bot_node[0m
[ 80%] Built target executor_example_5_reentrant_node
[ 90%] Built target bot_node
[100%] Built target executor_example_5_mutualyexclusive_multiple_node
-- Install configuration: ""
-- Up-to-date: /home/user/ros2_ws/src/install/executors_exercises_pkg/lib/executors_exercises_pkg/executor_example_1_node
-- Up-to-date: /home/user/ros2_ws/src/install/executors_exercises_pkg/lib/executors_exercises_pkg/executor_example_2_node
-- Up-to-date: /home/user/ros2_ws/src/install/executors_exercises_pkg/lib/executors_exercises_pkg/executor_example_3_node
-- Up-to-date: /home/user/ros2_ws/src/install/executors_exercises_pkg/lib/executors_exercises_pkg/executor_example_4_node
-- Up-to-date: /home/user/ros2_ws/src/install/executors_exercises_pkg/lib/executors_exercises_pkg/executor_example_4_singlethreaded_node
-- Up-to-date: /home/user/ros2_ws/src/install/executors_exercises_pkg/lib/executors_exercises_pkg/executor_example_5_node
-- Up-to-date: /home/user/ros2_ws/src/install/executors_exercises_pkg/lib/executors_exercises_pkg/executor_example_5_reentrant_node
-- Up-to-date: /home/user/ros2_ws/src/install/executors_exercises_pkg/lib/executors_exercises_pkg/executor_example_5_mutualyexclusive_node
-- Up-to-date: /home/user/ros2_ws/src/install/executors_exercises_pkg/lib/executors_exercises_pkg/executor_example_5_mutualyexclusive_multiple_node
-- Up-to-date: /home/user/ros2_ws/src/install/executors_exercises_pkg/lib/executors_exercises_pkg/bot_node
-- Up-to-date: /home/user/ros2_ws/src/install/executors_exercises_pkg/share/ament_index/resource_index/package_run_dependencies/executors_exercises_pkg
-- Up-to-date: /home/user/ros2_ws/src/install/executors_exercises_pkg/share/ament_index/resource_index/parent_prefix_path/executors_exercises_pkg
-- Up-to-date: /home/user/ros2_ws/src/install/executors_exercises_pkg/share/executors_exercises_pkg/environment/ament_prefix_path.sh
-- Up-to-date: /home/user/ros2_ws/src/install/executors_exercises_pkg/share/executors_exercises_pkg/environment/ament_prefix_path.dsv
-- Up-to-date: /home/user/ros2_ws/src/install/executors_exercises_pkg/share/executors_exercises_pkg/environment/path.sh
-- Up-to-date: /home/user/ros2_ws/src/install/executors_exercises_pkg/share/executors_exercises_pkg/environment/path.dsv
-- Up-to-date: /home/user/ros2_ws/src/install/executors_exercises_pkg/share/executors_exercises_pkg/local_setup.bash
-- Up-to-date: /home/user/ros2_ws/src/install/executors_exercises_pkg/share/executors_exercises_pkg/local_setup.sh
-- Up-to-date: /home/user/ros2_ws/src/install/executors_exercises_pkg/share/executors_exercises_pkg/local_setup.zsh
-- Up-to-date: /home/user/ros2_ws/src/install/executors_exercises_pkg/share/executors_exercises_pkg/local_setup.dsv
-- Installing: /home/user/ros2_ws/src/install/executors_exercises_pkg/share/executors_exercises_pkg/package.dsv
-- Up-to-date: /home/user/ros2_ws/src/install/executors_exercises_pkg/share/ament_index/resource_index/packages/executors_exercises_pkg
-- Up-to-date: /home/user/ros2_ws/src/install/executors_exercises_pkg/share/executors_exercises_pkg/cmake/executors_exercises_pkgConfig.cmake
-- Up-to-date: /home/user/ros2_ws/src/install/executors_exercises_pkg/share/executors_exercises_pkg/cmake/executors_exercises_pkgConfig-version.cmake
-- Up-to-date: /home/user/ros2_ws/src/install/executors_exercises_pkg/share/executors_exercises_pkg/package.xml
