[0.057s] Invoking command in '/home/user/ros2_ws/src/build/executors_exercises_pkg': CMAKE_PREFIX_PATH=${CMAKE_PREFIX_PATH}:/opt/ros/humble _=/usr/bin/env /usr/bin/cmake --build /home/user/ros2_ws/src/build/executors_exercises_pkg -- -j8 -l8
[0.173s] [ 10%] Built target executor_example_1_node
[0.178s] [ 20%] Built target executor_example_2_node
[0.178s] [ 30%] Built target executor_example_3_node
[0.181s] [ 40%] Built target executor_example_4_singlethreaded_node
[0.189s] [ 50%] Built target executor_example_4_node
[0.190s] [ 60%] Built target executor_example_5_node
[0.191s] [ 70%] Built target executor_example_5_mutualyexclusive_node
[0.198s] [35m[1mConsolidate compiler generated dependencies of target bot_node[0m
[0.204s] [ 80%] Built target executor_example_5_reentrant_node
[0.229s] [ 90%] Built target bot_node
[0.240s] [100%] Built target executor_example_5_mutualyexclusive_multiple_node
[0.255s] Invoked command in '/home/user/ros2_ws/src/build/executors_exercises_pkg' returned '0': CMAKE_PREFIX_PATH=${CMAKE_PREFIX_PATH}:/opt/ros/humble _=/usr/bin/env /usr/bin/cmake --build /home/user/ros2_ws/src/build/executors_exercises_pkg -- -j8 -l8
[0.423s] Invoking command in '/home/user/ros2_ws/src/build/executors_exercises_pkg': CMAKE_PREFIX_PATH=${CMAKE_PREFIX_PATH}:/opt/ros/humble _=/usr/bin/env /usr/bin/cmake --install /home/user/ros2_ws/src/build/executors_exercises_pkg
[0.433s] -- Install configuration: ""
[0.433s] -- Up-to-date: /home/user/ros2_ws/src/install/executors_exercises_pkg/lib/executors_exercises_pkg/executor_example_1_node
[0.433s] -- Up-to-date: /home/user/ros2_ws/src/install/executors_exercises_pkg/lib/executors_exercises_pkg/executor_example_2_node
[0.433s] -- Up-to-date: /home/user/ros2_ws/src/install/executors_exercises_pkg/lib/executors_exercises_pkg/executor_example_3_node
[0.434s] -- Up-to-date: /home/user/ros2_ws/src/install/executors_exercises_pkg/lib/executors_exercises_pkg/executor_example_4_node
[0.434s] -- Up-to-date: /home/user/ros2_ws/src/install/executors_exercises_pkg/lib/executors_exercises_pkg/executor_example_4_singlethreaded_node
[0.434s] -- Up-to-date: /home/user/ros2_ws/src/install/executors_exercises_pkg/lib/executors_exercises_pkg/executor_example_5_node
[0.434s] -- Up-to-date: /home/user/ros2_ws/src/install/executors_exercises_pkg/lib/executors_exercises_pkg/executor_example_5_reentrant_node
[0.435s] -- Up-to-date: /home/user/ros2_ws/src/install/executors_exercises_pkg/lib/executors_exercises_pkg/executor_example_5_mutualyexclusive_node
[0.435s] -- Up-to-date: /home/user/ros2_ws/src/install/executors_exercises_pkg/lib/executors_exercises_pkg/executor_example_5_mutualyexclusive_multiple_node
[0.435s] -- Up-to-date: /home/user/ros2_ws/src/install/executors_exercises_pkg/lib/executors_exercises_pkg/bot_node
[0.435s] -- Up-to-date: /home/user/ros2_ws/src/install/executors_exercises_pkg/share/ament_index/resource_index/package_run_dependencies/executors_exercises_pkg
[0.436s] -- Up-to-date: /home/user/ros2_ws/src/install/executors_exercises_pkg/share/ament_index/resource_index/parent_prefix_path/executors_exercises_pkg
[0.436s] -- Up-to-date: /home/user/ros2_ws/src/install/executors_exercises_pkg/share/executors_exercises_pkg/environment/ament_prefix_path.sh
[0.436s] -- Up-to-date: /home/user/ros2_ws/src/install/executors_exercises_pkg/share/executors_exercises_pkg/environment/ament_prefix_path.dsv
[0.436s] -- Up-to-date: /home/user/ros2_ws/src/install/executors_exercises_pkg/share/executors_exercises_pkg/environment/path.sh
[0.436s] -- Up-to-date: /home/user/ros2_ws/src/install/executors_exercises_pkg/share/executors_exercises_pkg/environment/path.dsv
[0.436s] -- Up-to-date: /home/user/ros2_ws/src/install/executors_exercises_pkg/share/executors_exercises_pkg/local_setup.bash
[0.436s] -- Up-to-date: /home/user/ros2_ws/src/install/executors_exercises_pkg/share/executors_exercises_pkg/local_setup.sh
[0.436s] -- Up-to-date: /home/user/ros2_ws/src/install/executors_exercises_pkg/share/executors_exercises_pkg/local_setup.zsh
[0.436s] -- Up-to-date: /home/user/ros2_ws/src/install/executors_exercises_pkg/share/executors_exercises_pkg/local_setup.dsv
[0.437s] -- Installing: /home/user/ros2_ws/src/install/executors_exercises_pkg/share/executors_exercises_pkg/package.dsv
[0.437s] -- Up-to-date: /home/user/ros2_ws/src/install/executors_exercises_pkg/share/ament_index/resource_index/packages/executors_exercises_pkg
[0.437s] -- Up-to-date: /home/user/ros2_ws/src/install/executors_exercises_pkg/share/executors_exercises_pkg/cmake/executors_exercises_pkgConfig.cmake
[0.437s] -- Up-to-date: /home/user/ros2_ws/src/install/executors_exercises_pkg/share/executors_exercises_pkg/cmake/executors_exercises_pkgConfig-version.cmake
[0.437s] -- Up-to-date: /home/user/ros2_ws/src/install/executors_exercises_pkg/share/executors_exercises_pkg/package.xml
[0.439s] Invoked command in '/home/user/ros2_ws/src/build/executors_exercises_pkg' returned '0': CMAKE_PREFIX_PATH=${CMAKE_PREFIX_PATH}:/opt/ros/humble _=/usr/bin/env /usr/bin/cmake --install /home/user/ros2_ws/src/build/executors_exercises_pkg
