[0.676s] DEBUG:colcon:Command line arguments: ['/usr/bin/colcon', 'build', '--packages-select', 'executors_exercises_pkg']
[0.676s] DEBUG:colcon:Parsed command line arguments: Namespace(log_base=None, log_level=None, verb_name='build', build_base='build', install_base='install', merge_install=False, symlink_install=False, test_result_base=None, continue_on_error=False, executor='parallel', parallel_workers=8, event_handlers=None, ignore_user_meta=False, metas=['./colcon.meta'], base_paths=['.'], packages_ignore=None, packages_ignore_regex=None, paths=None, packages_up_to=None, packages_up_to_regex=None, packages_above=None, packages_above_and_dependencies=None, packages_above_depth=None, packages_select_by_dep=None, packages_skip_by_dep=None, packages_skip_up_to=None, packages_select_build_failed=False, packages_skip_build_finished=False, packages_select_test_failures=False, packages_skip_test_passed=False, packages_select=['executors_exercises_pkg'], packages_skip=None, packages_select_regex=None, packages_skip_regex=None, packages_start=None, packages_end=None, allow_overriding=[], cmake_args=None, cmake_target=None, cmake_target_skip_unavailable=False, cmake_clean_cache=False, cmake_clean_first=False, cmake_force_configure=False, meson_args=[], ament_cmake_args=None, catkin_cmake_args=None, catkin_skip_building_tests=False, mixin_files=None, mixin=None, verb_parser=<colcon_alias.argument_parser.alias.AliasArgumentDecorator object at 0x7f10c74c7d90>, verb_extension=<colcon_core.verb.build.BuildVerb object at 0x7f10c77ef8b0>, main=<bound method BuildVerb.main of <colcon_core.verb.build.BuildVerb object at 0x7f10c77ef8b0>>, mixin_verb=('build',))
[0.706s] Level 1:colcon.colcon_core.package_discovery:discover_packages(colcon_meta) check parameters
[0.706s] Level 1:colcon.colcon_core.package_discovery:discover_packages(recursive) check parameters
[0.707s] Level 1:colcon.colcon_core.package_discovery:discover_packages(ignore) check parameters
[0.707s] Level 1:colcon.colcon_core.package_discovery:discover_packages(path) check parameters
[0.707s] Level 1:colcon.colcon_core.package_discovery:discover_packages(colcon_meta) discover
[0.707s] Level 1:colcon.colcon_core.package_discovery:discover_packages(recursive) discover
[0.707s] INFO:colcon.colcon_core.package_discovery:Crawling recursively for packages in '/home/user/ros2_ws/src'
[0.707s] Level 1:colcon.colcon_core.package_identification:_identify(.) by extensions ['ignore', 'ignore_ament_install']
[0.707s] Level 1:colcon.colcon_core.package_identification:_identify(.) by extension 'ignore'
[0.707s] Level 1:colcon.colcon_core.package_identification:_identify(.) by extension 'ignore_ament_install'
[0.707s] Level 1:colcon.colcon_core.package_identification:_identify(.) by extensions ['colcon_pkg']
[0.707s] Level 1:colcon.colcon_core.package_identification:_identify(.) by extension 'colcon_pkg'
[0.707s] Level 1:colcon.colcon_core.package_identification:_identify(.) by extensions ['colcon_meta']
[0.707s] Level 1:colcon.colcon_core.package_identification:_identify(.) by extension 'colcon_meta'
[0.708s] Level 1:colcon.colcon_core.package_identification:_identify(.) by extensions ['ros']
[0.708s] Level 1:colcon.colcon_core.package_identification:_identify(.) by extension 'ros'
[0.726s] Level 1:colcon.colcon_core.package_identification:_identify(.) by extensions ['cmake', 'meson', 'python']
[0.726s] Level 1:colcon.colcon_core.package_identification:_identify(.) by extension 'cmake'
[0.727s] Level 1:colcon.colcon_core.package_identification:_identify(.) by extension 'meson'
[0.727s] Level 1:colcon.colcon_core.package_identification:_identify(.) by extension 'python'
[0.727s] Level 1:colcon.colcon_core.package_identification:_identify(.) by extensions ['python_setup_py']
[0.727s] Level 1:colcon.colcon_core.package_identification:_identify(.) by extension 'python_setup_py'
[0.727s] Level 1:colcon.colcon_core.package_identification:_identify(build) by extensions ['ignore', 'ignore_ament_install']
[0.727s] Level 1:colcon.colcon_core.package_identification:_identify(build) by extension 'ignore'
[0.727s] Level 1:colcon.colcon_core.package_identification:_identify(build) ignored
[0.727s] Level 1:colcon.colcon_core.package_identification:_identify(executors_exercises_pkg) by extensions ['ignore', 'ignore_ament_install']
[0.727s] Level 1:colcon.colcon_core.package_identification:_identify(executors_exercises_pkg) by extension 'ignore'
[0.727s] Level 1:colcon.colcon_core.package_identification:_identify(executors_exercises_pkg) by extension 'ignore_ament_install'
[0.728s] Level 1:colcon.colcon_core.package_identification:_identify(executors_exercises_pkg) by extensions ['colcon_pkg']
[0.729s] Level 1:colcon.colcon_core.package_identification:_identify(executors_exercises_pkg) by extension 'colcon_pkg'
[0.729s] Level 1:colcon.colcon_core.package_identification:_identify(executors_exercises_pkg) by extensions ['colcon_meta']
[0.729s] Level 1:colcon.colcon_core.package_identification:_identify(executors_exercises_pkg) by extension 'colcon_meta'
[0.729s] Level 1:colcon.colcon_core.package_identification:_identify(executors_exercises_pkg) by extensions ['ros']
[0.729s] Level 1:colcon.colcon_core.package_identification:_identify(executors_exercises_pkg) by extension 'ros'
[0.733s] DEBUG:colcon.colcon_core.package_identification:Package 'executors_exercises_pkg' with type 'ros.ament_cmake' and name 'executors_exercises_pkg'
[0.733s] Level 1:colcon.colcon_core.package_identification:_identify(install) by extensions ['ignore', 'ignore_ament_install']
[0.733s] Level 1:colcon.colcon_core.package_identification:_identify(install) by extension 'ignore'
[0.733s] Level 1:colcon.colcon_core.package_identification:_identify(install) ignored
[0.734s] Level 1:colcon.colcon_core.package_identification:_identify(log) by extensions ['ignore', 'ignore_ament_install']
[0.734s] Level 1:colcon.colcon_core.package_identification:_identify(log) by extension 'ignore'
[0.734s] Level 1:colcon.colcon_core.package_identification:_identify(log) ignored
[0.734s] Level 1:colcon.colcon_core.package_identification:_identify(my_package) by extensions ['ignore', 'ignore_ament_install']
[0.734s] Level 1:colcon.colcon_core.package_identification:_identify(my_package) by extension 'ignore'
[0.734s] Level 1:colcon.colcon_core.package_identification:_identify(my_package) by extension 'ignore_ament_install'
[0.734s] Level 1:colcon.colcon_core.package_identification:_identify(my_package) by extensions ['colcon_pkg']
[0.734s] Level 1:colcon.colcon_core.package_identification:_identify(my_package) by extension 'colcon_pkg'
[0.734s] Level 1:colcon.colcon_core.package_identification:_identify(my_package) by extensions ['colcon_meta']
[0.734s] Level 1:colcon.colcon_core.package_identification:_identify(my_package) by extension 'colcon_meta'
[0.735s] Level 1:colcon.colcon_core.package_identification:_identify(my_package) by extensions ['ros']
[0.735s] Level 1:colcon.colcon_core.package_identification:_identify(my_package) by extension 'ros'
[0.736s] DEBUG:colcon.colcon_core.package_identification:Package 'my_package' with type 'ros.ament_cmake' and name 'my_package'
[0.736s] Level 1:colcon.colcon_core.package_identification:_identify(src) by extensions ['ignore', 'ignore_ament_install']
[0.736s] Level 1:colcon.colcon_core.package_identification:_identify(src) by extension 'ignore'
[0.736s] Level 1:colcon.colcon_core.package_identification:_identify(src) by extension 'ignore_ament_install'
[0.736s] Level 1:colcon.colcon_core.package_identification:_identify(src) by extensions ['colcon_pkg']
[0.736s] Level 1:colcon.colcon_core.package_identification:_identify(src) by extension 'colcon_pkg'
[0.736s] Level 1:colcon.colcon_core.package_identification:_identify(src) by extensions ['colcon_meta']
[0.736s] Level 1:colcon.colcon_core.package_identification:_identify(src) by extension 'colcon_meta'
[0.737s] Level 1:colcon.colcon_core.package_identification:_identify(src) by extensions ['ros']
[0.737s] Level 1:colcon.colcon_core.package_identification:_identify(src) by extension 'ros'
[0.737s] Level 1:colcon.colcon_core.package_identification:_identify(src) by extensions ['cmake', 'meson', 'python']
[0.737s] Level 1:colcon.colcon_core.package_identification:_identify(src) by extension 'cmake'
[0.737s] Level 1:colcon.colcon_core.package_identification:_identify(src) by extension 'meson'
[0.737s] Level 1:colcon.colcon_core.package_identification:_identify(src) by extension 'python'
[0.737s] Level 1:colcon.colcon_core.package_identification:_identify(src) by extensions ['python_setup_py']
[0.737s] Level 1:colcon.colcon_core.package_identification:_identify(src) by extension 'python_setup_py'
[0.737s] Level 1:colcon.colcon_core.package_identification:_identify(src/my_package) by extensions ['ignore', 'ignore_ament_install']
[0.738s] Level 1:colcon.colcon_core.package_identification:_identify(src/my_package) by extension 'ignore'
[0.738s] Level 1:colcon.colcon_core.package_identification:_identify(src/my_package) by extension 'ignore_ament_install'
[0.738s] Level 1:colcon.colcon_core.package_identification:_identify(src/my_package) by extensions ['colcon_pkg']
[0.738s] Level 1:colcon.colcon_core.package_identification:_identify(src/my_package) by extension 'colcon_pkg'
[0.738s] Level 1:colcon.colcon_core.package_identification:_identify(src/my_package) by extensions ['colcon_meta']
[0.738s] Level 1:colcon.colcon_core.package_identification:_identify(src/my_package) by extension 'colcon_meta'
[0.738s] Level 1:colcon.colcon_core.package_identification:_identify(src/my_package) by extensions ['ros']
[0.738s] Level 1:colcon.colcon_core.package_identification:_identify(src/my_package) by extension 'ros'
[0.739s] DEBUG:colcon.colcon_core.package_identification:Package 'src/my_package' with type 'ros.ament_cmake' and name 'my_package'
[0.739s] Level 1:colcon.colcon_core.package_discovery:discover_packages(recursive) using defaults
[0.739s] Level 1:colcon.colcon_core.package_discovery:discover_packages(ignore) discover
[0.740s] Level 1:colcon.colcon_core.package_discovery:discover_packages(ignore) using defaults
[0.740s] Level 1:colcon.colcon_core.package_discovery:discover_packages(path) discover
[0.740s] Level 1:colcon.colcon_core.package_discovery:discover_packages(path) using defaults
[0.774s] INFO:colcon.colcon_core.package_selection:Skipping not selected package 'my_package' in 'my_package'
[0.775s] INFO:colcon.colcon_core.package_selection:Skipping not selected package 'my_package' in 'src/my_package'
[0.776s] Level 1:colcon.colcon_core.package_discovery:discover_packages(prefix_path) check parameters
[0.776s] Level 1:colcon.colcon_core.package_discovery:discover_packages(prefix_path) discover
[0.780s] DEBUG:colcon.colcon_installed_package_information.package_discovery:Found 4 installed packages in /home/simulations/ros2_sims_ws/install
[0.782s] DEBUG:colcon.colcon_installed_package_information.package_discovery:Found 2 installed packages in /home/user/ros2_ws/install
[0.787s] DEBUG:colcon.colcon_installed_package_information.package_discovery:Found 417 installed packages in /opt/ros/humble
[0.792s] Level 1:colcon.colcon_core.package_discovery:discover_packages(prefix_path) using defaults
[0.913s] Level 5:colcon.colcon_core.verb:set package 'executors_exercises_pkg' build argument 'cmake_args' from command line to 'None'
[0.913s] Level 5:colcon.colcon_core.verb:set package 'executors_exercises_pkg' build argument 'cmake_target' from command line to 'None'
[0.913s] Level 5:colcon.colcon_core.verb:set package 'executors_exercises_pkg' build argument 'cmake_target_skip_unavailable' from command line to 'False'
[0.913s] Level 5:colcon.colcon_core.verb:set package 'executors_exercises_pkg' build argument 'cmake_clean_cache' from command line to 'False'
[0.913s] Level 5:colcon.colcon_core.verb:set package 'executors_exercises_pkg' build argument 'cmake_clean_first' from command line to 'False'
[0.913s] Level 5:colcon.colcon_core.verb:set package 'executors_exercises_pkg' build argument 'cmake_force_configure' from command line to 'False'
[0.913s] Level 5:colcon.colcon_core.verb:set package 'executors_exercises_pkg' build argument 'meson_args' from command line to '[]'
[0.913s] Level 5:colcon.colcon_core.verb:set package 'executors_exercises_pkg' build argument 'ament_cmake_args' from command line to 'None'
[0.913s] Level 5:colcon.colcon_core.verb:set package 'executors_exercises_pkg' build argument 'catkin_cmake_args' from command line to 'None'
[0.913s] Level 5:colcon.colcon_core.verb:set package 'executors_exercises_pkg' build argument 'catkin_skip_building_tests' from command line to 'False'
[0.913s] DEBUG:colcon.colcon_core.verb:Building package 'executors_exercises_pkg' with the following arguments: {'ament_cmake_args': None, 'build_base': '/home/user/ros2_ws/src/build/executors_exercises_pkg', 'catkin_cmake_args': None, 'catkin_skip_building_tests': False, 'cmake_args': None, 'cmake_clean_cache': False, 'cmake_clean_first': False, 'cmake_force_configure': False, 'cmake_target': None, 'cmake_target_skip_unavailable': False, 'install_base': '/home/user/ros2_ws/src/install/executors_exercises_pkg', 'merge_install': False, 'meson_args': [], 'path': '/home/user/ros2_ws/src/executors_exercises_pkg', 'symlink_install': False, 'test_result_base': None}
[0.914s] INFO:colcon.colcon_core.executor:Executing jobs using 'parallel' executor
[0.918s] DEBUG:colcon.colcon_parallel_executor.executor.parallel:run_until_complete
[0.919s] INFO:colcon.colcon_ros.task.ament_cmake.build:Building ROS package in '/home/user/ros2_ws/src/executors_exercises_pkg' with build type 'ament_cmake'
[0.919s] INFO:colcon.colcon_cmake.task.cmake.build:Building CMake package in '/home/user/ros2_ws/src/executors_exercises_pkg'
[0.924s] INFO:colcon.colcon_core.plugin_system:Skipping extension 'colcon_core.shell.bat': Not used on non-Windows systems
[0.924s] INFO:colcon.colcon_core.shell:Skip shell extension 'powershell' for command environment: Not usable outside of PowerShell
[0.924s] DEBUG:colcon.colcon_core.shell:Skip shell extension 'dsv' for command environment
[0.987s] DEBUG:colcon.colcon_core.event_handler.log_command:Invoking command in '/home/user/ros2_ws/src/build/executors_exercises_pkg': CMAKE_PREFIX_PATH=${CMAKE_PREFIX_PATH}:/opt/ros/humble _=/usr/bin/env /usr/bin/cmake --build /home/user/ros2_ws/src/build/executors_exercises_pkg -- -j8 -l8
[7.686s] DEBUG:colcon.colcon_core.event_handler.log_command:Invoked command in '/home/user/ros2_ws/src/build/executors_exercises_pkg' returned '2': CMAKE_PREFIX_PATH=${CMAKE_PREFIX_PATH}:/opt/ros/humble _=/usr/bin/env /usr/bin/cmake --build /home/user/ros2_ws/src/build/executors_exercises_pkg -- -j8 -l8
[7.858s] Level 1:colcon.colcon_core.environment:create_environment_scripts_only(executors_exercises_pkg)
[7.864s] Level 1:colcon.colcon_core.environment:checking '/home/user/ros2_ws/src/install/executors_exercises_pkg' for CMake module files
[7.865s] Level 1:colcon.colcon_core.environment:checking '/home/user/ros2_ws/src/install/executors_exercises_pkg' for CMake config files
[7.865s] Level 1:colcon.colcon_core.environment:checking '/home/user/ros2_ws/src/install/executors_exercises_pkg/bin'
[7.865s] Level 1:colcon.colcon_core.environment:checking '/home/user/ros2_ws/src/install/executors_exercises_pkg/lib/pkgconfig/executors_exercises_pkg.pc'
[7.865s] Level 1:colcon.colcon_core.environment:checking '/home/user/ros2_ws/src/install/executors_exercises_pkg/lib/python3.10/site-packages'
[7.866s] Level 1:colcon.colcon_core.environment:checking '/home/user/ros2_ws/src/install/executors_exercises_pkg/bin'
[7.867s] INFO:colcon.colcon_core.shell:Creating package script '/home/user/ros2_ws/src/install/executors_exercises_pkg/share/executors_exercises_pkg/package.ps1'
[7.868s] INFO:colcon.colcon_core.shell:Creating package descriptor '/home/user/ros2_ws/src/install/executors_exercises_pkg/share/executors_exercises_pkg/package.dsv'
[7.868s] INFO:colcon.colcon_core.shell:Creating package script '/home/user/ros2_ws/src/install/executors_exercises_pkg/share/executors_exercises_pkg/package.sh'
[7.869s] INFO:colcon.colcon_core.shell:Creating package script '/home/user/ros2_ws/src/install/executors_exercises_pkg/share/executors_exercises_pkg/package.bash'
[7.870s] INFO:colcon.colcon_core.shell:Creating package script '/home/user/ros2_ws/src/install/executors_exercises_pkg/share/executors_exercises_pkg/package.zsh'
[7.871s] Level 1:colcon.colcon_core.environment:create_file_with_runtime_dependencies(/home/user/ros2_ws/src/install/executors_exercises_pkg/share/colcon-core/packages/executors_exercises_pkg)
[7.874s] DEBUG:colcon.colcon_parallel_executor.executor.parallel:closing loop
[7.874s] DEBUG:colcon.colcon_parallel_executor.executor.parallel:loop closed
[7.874s] DEBUG:colcon.colcon_parallel_executor.executor.parallel:run_until_complete finished with '2'
[7.874s] DEBUG:colcon.colcon_core.event_reactor:joining thread
[7.882s] INFO:colcon.colcon_core.plugin_system:Skipping extension 'colcon_notification.desktop_notification.notify_send': Could not find 'notify-send'
[7.882s] INFO:colcon.colcon_core.plugin_system:Skipping extension 'colcon_notification.desktop_notification.terminal_notifier': Not used on non-Darwin systems
[7.882s] INFO:colcon.colcon_core.plugin_system:Skipping extension 'colcon_notification.desktop_notification.win32': Not used on non-Windows systems
[7.882s] INFO:colcon.colcon_notification.desktop_notification:Sending desktop notification using 'notify2'
[7.892s] DEBUG:colcon.colcon_notification.desktop_notification.notify2:Failed to initialize notify2: org.freedesktop.DBus.Error.Spawn.ExecFailed: /usr/bin/dbus-launch terminated abnormally without any error message
[7.892s] DEBUG:colcon.colcon_core.event_reactor:joined thread
[7.894s] INFO:colcon.colcon_core.shell:Creating prefix script '/home/user/ros2_ws/src/install/local_setup.ps1'
[7.895s] INFO:colcon.colcon_core.shell:Creating prefix util module '/home/user/ros2_ws/src/install/_local_setup_util_ps1.py'
[7.897s] INFO:colcon.colcon_core.shell:Creating prefix chain script '/home/user/ros2_ws/src/install/setup.ps1'
[7.899s] INFO:colcon.colcon_core.shell:Creating prefix script '/home/user/ros2_ws/src/install/local_setup.sh'
[7.900s] INFO:colcon.colcon_core.shell:Creating prefix util module '/home/user/ros2_ws/src/install/_local_setup_util_sh.py'
[7.901s] INFO:colcon.colcon_core.shell:Creating prefix chain script '/home/user/ros2_ws/src/install/setup.sh'
[7.903s] INFO:colcon.colcon_core.shell:Creating prefix script '/home/user/ros2_ws/src/install/local_setup.bash'
[7.903s] INFO:colcon.colcon_core.shell:Creating prefix chain script '/home/user/ros2_ws/src/install/setup.bash'
[7.906s] INFO:colcon.colcon_core.shell:Creating prefix script '/home/user/ros2_ws/src/install/local_setup.zsh'
[7.907s] INFO:colcon.colcon_core.shell:Creating prefix chain script '/home/user/ros2_ws/src/install/setup.zsh'
