[8.503s] DEBUG:colcon:Command line arguments: ['/usr/bin/colcon', 'build', '--packages-select', 'executors_exercises_pkg']
[8.503s] DEBUG:colcon:Parsed command line arguments: Namespace(log_base=None, log_level=None, verb_name='build', build_base='build', install_base='install', merge_install=False, symlink_install=False, test_result_base=None, continue_on_error=False, executor='parallel', parallel_workers=8, event_handlers=None, ignore_user_meta=False, metas=['./colcon.meta'], base_paths=['.'], packages_ignore=None, packages_ignore_regex=None, paths=None, packages_up_to=None, packages_up_to_regex=None, packages_above=None, packages_above_and_dependencies=None, packages_above_depth=None, packages_select_by_dep=None, packages_skip_by_dep=None, packages_skip_up_to=None, packages_select_build_failed=False, packages_skip_build_finished=False, packages_select_test_failures=False, packages_skip_test_passed=False, packages_select=['executors_exercises_pkg'], packages_skip=None, packages_select_regex=None, packages_skip_regex=None, packages_start=None, packages_end=None, allow_overriding=[], cmake_args=None, cmake_target=None, cmake_target_skip_unavailable=False, cmake_clean_cache=False, cmake_clean_first=False, cmake_force_configure=False, meson_args=[], ament_cmake_args=None, catkin_cmake_args=None, catkin_skip_building_tests=False, mixin_files=None, mixin=None, verb_parser=<colcon_alias.argument_parser.alias.AliasArgumentDecorator object at 0x7f877be8fe50>, verb_extension=<colcon_core.verb.build.BuildVerb object at 0x7f877c17a110>, main=<bound method BuildVerb.main of <colcon_core.verb.build.BuildVerb object at 0x7f877c17a110>>, mixin_verb=('build',))
[8.963s] Level 1:colcon.colcon_core.package_discovery:discover_packages(colcon_meta) check parameters
[8.963s] Level 1:colcon.colcon_core.package_discovery:discover_packages(recursive) check parameters
[8.963s] Level 1:colcon.colcon_core.package_discovery:discover_packages(ignore) check parameters
[8.963s] Level 1:colcon.colcon_core.package_discovery:discover_packages(path) check parameters
[8.963s] Level 1:colcon.colcon_core.package_discovery:discover_packages(colcon_meta) discover
[8.964s] Level 1:colcon.colcon_core.package_discovery:discover_packages(recursive) discover
[8.964s] INFO:colcon.colcon_core.package_discovery:Crawling recursively for packages in '/home/user/ros2_ws/src'
[8.964s] Level 1:colcon.colcon_core.package_identification:_identify(.) by extensions ['ignore', 'ignore_ament_install']
[8.964s] Level 1:colcon.colcon_core.package_identification:_identify(.) by extension 'ignore'
[8.964s] Level 1:colcon.colcon_core.package_identification:_identify(.) by extension 'ignore_ament_install'
[8.964s] Level 1:colcon.colcon_core.package_identification:_identify(.) by extensions ['colcon_pkg']
[8.964s] Level 1:colcon.colcon_core.package_identification:_identify(.) by extension 'colcon_pkg'
[8.964s] Level 1:colcon.colcon_core.package_identification:_identify(.) by extensions ['colcon_meta']
[8.964s] Level 1:colcon.colcon_core.package_identification:_identify(.) by extension 'colcon_meta'
[8.964s] Level 1:colcon.colcon_core.package_identification:_identify(.) by extensions ['ros']
[8.964s] Level 1:colcon.colcon_core.package_identification:_identify(.) by extension 'ros'
[8.983s] Level 1:colcon.colcon_core.package_identification:_identify(.) by extensions ['cmake', 'meson', 'python']
[8.983s] Level 1:colcon.colcon_core.package_identification:_identify(.) by extension 'cmake'
[8.983s] Level 1:colcon.colcon_core.package_identification:_identify(.) by extension 'meson'
[8.983s] Level 1:colcon.colcon_core.package_identification:_identify(.) by extension 'python'
[8.983s] Level 1:colcon.colcon_core.package_identification:_identify(.) by extensions ['python_setup_py']
[8.983s] Level 1:colcon.colcon_core.package_identification:_identify(.) by extension 'python_setup_py'
[8.983s] Level 1:colcon.colcon_core.package_identification:_identify(build) by extensions ['ignore', 'ignore_ament_install']
[8.984s] Level 1:colcon.colcon_core.package_identification:_identify(build) by extension 'ignore'
[8.984s] Level 1:colcon.colcon_core.package_identification:_identify(build) ignored
[8.984s] Level 1:colcon.colcon_core.package_identification:_identify(executors_exercises_pkg) by extensions ['ignore', 'ignore_ament_install']
[8.984s] Level 1:colcon.colcon_core.package_identification:_identify(executors_exercises_pkg) by extension 'ignore'
[8.984s] Level 1:colcon.colcon_core.package_identification:_identify(executors_exercises_pkg) by extension 'ignore_ament_install'
[8.984s] Level 1:colcon.colcon_core.package_identification:_identify(executors_exercises_pkg) by extensions ['colcon_pkg']
[8.984s] Level 1:colcon.colcon_core.package_identification:_identify(executors_exercises_pkg) by extension 'colcon_pkg'
[8.984s] Level 1:colcon.colcon_core.package_identification:_identify(executors_exercises_pkg) by extensions ['colcon_meta']
[8.984s] Level 1:colcon.colcon_core.package_identification:_identify(executors_exercises_pkg) by extension 'colcon_meta'
[8.985s] Level 1:colcon.colcon_core.package_identification:_identify(executors_exercises_pkg) by extensions ['ros']
[8.985s] Level 1:colcon.colcon_core.package_identification:_identify(executors_exercises_pkg) by extension 'ros'
[8.988s] DEBUG:colcon.colcon_core.package_identification:Package 'executors_exercises_pkg' with type 'ros.ament_cmake' and name 'executors_exercises_pkg'
[8.989s] Level 1:colcon.colcon_core.package_identification:_identify(install) by extensions ['ignore', 'ignore_ament_install']
[8.989s] Level 1:colcon.colcon_core.package_identification:_identify(install) by extension 'ignore'
[8.989s] Level 1:colcon.colcon_core.package_identification:_identify(install) ignored
[8.989s] Level 1:colcon.colcon_core.package_identification:_identify(log) by extensions ['ignore', 'ignore_ament_install']
[8.989s] Level 1:colcon.colcon_core.package_identification:_identify(log) by extension 'ignore'
[8.989s] Level 1:colcon.colcon_core.package_identification:_identify(log) ignored
[8.989s] Level 1:colcon.colcon_core.package_identification:_identify(my_package) by extensions ['ignore', 'ignore_ament_install']
[8.989s] Level 1:colcon.colcon_core.package_identification:_identify(my_package) by extension 'ignore'
[8.989s] Level 1:colcon.colcon_core.package_identification:_identify(my_package) by extension 'ignore_ament_install'
[8.990s] Level 1:colcon.colcon_core.package_identification:_identify(my_package) by extensions ['colcon_pkg']
[8.990s] Level 1:colcon.colcon_core.package_identification:_identify(my_package) by extension 'colcon_pkg'
[8.990s] Level 1:colcon.colcon_core.package_identification:_identify(my_package) by extensions ['colcon_meta']
[8.990s] Level 1:colcon.colcon_core.package_identification:_identify(my_package) by extension 'colcon_meta'
[8.991s] Level 1:colcon.colcon_core.package_identification:_identify(my_package) by extensions ['ros']
[8.991s] Level 1:colcon.colcon_core.package_identification:_identify(my_package) by extension 'ros'
[8.992s] DEBUG:colcon.colcon_core.package_identification:Package 'my_package' with type 'ros.ament_cmake' and name 'my_package'
[8.992s] Level 1:colcon.colcon_core.package_identification:_identify(src) by extensions ['ignore', 'ignore_ament_install']
[8.992s] Level 1:colcon.colcon_core.package_identification:_identify(src) by extension 'ignore'
[8.992s] Level 1:colcon.colcon_core.package_identification:_identify(src) by extension 'ignore_ament_install'
[8.992s] Level 1:colcon.colcon_core.package_identification:_identify(src) by extensions ['colcon_pkg']
[8.992s] Level 1:colcon.colcon_core.package_identification:_identify(src) by extension 'colcon_pkg'
[8.992s] Level 1:colcon.colcon_core.package_identification:_identify(src) by extensions ['colcon_meta']
[8.992s] Level 1:colcon.colcon_core.package_identification:_identify(src) by extension 'colcon_meta'
[8.992s] Level 1:colcon.colcon_core.package_identification:_identify(src) by extensions ['ros']
[8.992s] Level 1:colcon.colcon_core.package_identification:_identify(src) by extension 'ros'
[8.993s] Level 1:colcon.colcon_core.package_identification:_identify(src) by extensions ['cmake', 'meson', 'python']
[8.993s] Level 1:colcon.colcon_core.package_identification:_identify(src) by extension 'cmake'
[8.993s] Level 1:colcon.colcon_core.package_identification:_identify(src) by extension 'meson'
[8.993s] Level 1:colcon.colcon_core.package_identification:_identify(src) by extension 'python'
[8.993s] Level 1:colcon.colcon_core.package_identification:_identify(src) by extensions ['python_setup_py']
[8.993s] Level 1:colcon.colcon_core.package_identification:_identify(src) by extension 'python_setup_py'
[8.993s] Level 1:colcon.colcon_core.package_identification:_identify(src/my_package) by extensions ['ignore', 'ignore_ament_install']
[8.993s] Level 1:colcon.colcon_core.package_identification:_identify(src/my_package) by extension 'ignore'
[8.993s] Level 1:colcon.colcon_core.package_identification:_identify(src/my_package) by extension 'ignore_ament_install'
[8.994s] Level 1:colcon.colcon_core.package_identification:_identify(src/my_package) by extensions ['colcon_pkg']
[8.994s] Level 1:colcon.colcon_core.package_identification:_identify(src/my_package) by extension 'colcon_pkg'
[8.994s] Level 1:colcon.colcon_core.package_identification:_identify(src/my_package) by extensions ['colcon_meta']
[8.994s] Level 1:colcon.colcon_core.package_identification:_identify(src/my_package) by extension 'colcon_meta'
[8.994s] Level 1:colcon.colcon_core.package_identification:_identify(src/my_package) by extensions ['ros']
[8.994s] Level 1:colcon.colcon_core.package_identification:_identify(src/my_package) by extension 'ros'
[8.994s] DEBUG:colcon.colcon_core.package_identification:Package 'src/my_package' with type 'ros.ament_cmake' and name 'my_package'
[8.995s] Level 1:colcon.colcon_core.package_discovery:discover_packages(recursive) using defaults
[8.995s] Level 1:colcon.colcon_core.package_discovery:discover_packages(ignore) discover
[8.995s] Level 1:colcon.colcon_core.package_discovery:discover_packages(ignore) using defaults
[8.995s] Level 1:colcon.colcon_core.package_discovery:discover_packages(path) discover
[8.995s] Level 1:colcon.colcon_core.package_discovery:discover_packages(path) using defaults
[9.164s] INFO:colcon.colcon_core.package_selection:Skipping not selected package 'my_package' in 'my_package'
[9.164s] INFO:colcon.colcon_core.package_selection:Skipping not selected package 'my_package' in 'src/my_package'
[9.165s] Level 1:colcon.colcon_core.package_discovery:discover_packages(prefix_path) check parameters
[9.165s] Level 1:colcon.colcon_core.package_discovery:discover_packages(prefix_path) discover
[9.173s] DEBUG:colcon.colcon_installed_package_information.package_discovery:Found 4 installed packages in /home/simulations/ros2_sims_ws/install
[9.175s] DEBUG:colcon.colcon_installed_package_information.package_discovery:Found 2 installed packages in /home/user/ros2_ws/install
[9.181s] DEBUG:colcon.colcon_installed_package_information.package_discovery:Found 417 installed packages in /opt/ros/humble
[9.185s] Level 1:colcon.colcon_core.package_discovery:discover_packages(prefix_path) using defaults
[9.302s] Level 5:colcon.colcon_core.verb:set package 'executors_exercises_pkg' build argument 'cmake_args' from command line to 'None'
[9.303s] Level 5:colcon.colcon_core.verb:set package 'executors_exercises_pkg' build argument 'cmake_target' from command line to 'None'
[9.303s] Level 5:colcon.colcon_core.verb:set package 'executors_exercises_pkg' build argument 'cmake_target_skip_unavailable' from command line to 'False'
[9.303s] Level 5:colcon.colcon_core.verb:set package 'executors_exercises_pkg' build argument 'cmake_clean_cache' from command line to 'False'
[9.303s] Level 5:colcon.colcon_core.verb:set package 'executors_exercises_pkg' build argument 'cmake_clean_first' from command line to 'False'
[9.303s] Level 5:colcon.colcon_core.verb:set package 'executors_exercises_pkg' build argument 'cmake_force_configure' from command line to 'False'
[9.303s] Level 5:colcon.colcon_core.verb:set package 'executors_exercises_pkg' build argument 'meson_args' from command line to '[]'
[9.303s] Level 5:colcon.colcon_core.verb:set package 'executors_exercises_pkg' build argument 'ament_cmake_args' from command line to 'None'
[9.303s] Level 5:colcon.colcon_core.verb:set package 'executors_exercises_pkg' build argument 'catkin_cmake_args' from command line to 'None'
[9.303s] Level 5:colcon.colcon_core.verb:set package 'executors_exercises_pkg' build argument 'catkin_skip_building_tests' from command line to 'False'
[9.303s] DEBUG:colcon.colcon_core.verb:Building package 'executors_exercises_pkg' with the following arguments: {'ament_cmake_args': None, 'build_base': '/home/user/ros2_ws/src/build/executors_exercises_pkg', 'catkin_cmake_args': None, 'catkin_skip_building_tests': False, 'cmake_args': None, 'cmake_clean_cache': False, 'cmake_clean_first': False, 'cmake_force_configure': False, 'cmake_target': None, 'cmake_target_skip_unavailable': False, 'install_base': '/home/user/ros2_ws/src/install/executors_exercises_pkg', 'merge_install': False, 'meson_args': [], 'path': '/home/user/ros2_ws/src/executors_exercises_pkg', 'symlink_install': False, 'test_result_base': None}
[9.304s] INFO:colcon.colcon_core.executor:Executing jobs using 'parallel' executor
[9.307s] DEBUG:colcon.colcon_parallel_executor.executor.parallel:run_until_complete
[9.307s] INFO:colcon.colcon_ros.task.ament_cmake.build:Building ROS package in '/home/user/ros2_ws/src/executors_exercises_pkg' with build type 'ament_cmake'
[9.308s] INFO:colcon.colcon_cmake.task.cmake.build:Building CMake package in '/home/user/ros2_ws/src/executors_exercises_pkg'
[9.322s] INFO:colcon.colcon_core.plugin_system:Skipping extension 'colcon_core.shell.bat': Not used on non-Windows systems
[9.322s] INFO:colcon.colcon_core.shell:Skip shell extension 'powershell' for command environment: Not usable outside of PowerShell
[9.322s] DEBUG:colcon.colcon_core.shell:Skip shell extension 'dsv' for command environment
[9.373s] DEBUG:colcon.colcon_core.event_handler.log_command:Invoking command in '/home/user/ros2_ws/src/build/executors_exercises_pkg': CMAKE_PREFIX_PATH=${CMAKE_PREFIX_PATH}:/opt/ros/humble _=/usr/bin/env /usr/bin/cmake --build /home/user/ros2_ws/src/build/executors_exercises_pkg -- -j8 -l8
[23.464s] DEBUG:colcon.colcon_core.event_handler.log_command:Invoked command in '/home/user/ros2_ws/src/build/executors_exercises_pkg' returned '2': CMAKE_PREFIX_PATH=${CMAKE_PREFIX_PATH}:/opt/ros/humble _=/usr/bin/env /usr/bin/cmake --build /home/user/ros2_ws/src/build/executors_exercises_pkg -- -j8 -l8
[23.606s] Level 1:colcon.colcon_core.environment:create_environment_scripts_only(executors_exercises_pkg)
[23.621s] Level 1:colcon.colcon_core.environment:checking '/home/user/ros2_ws/src/install/executors_exercises_pkg' for CMake module files
[23.622s] Level 1:colcon.colcon_core.environment:checking '/home/user/ros2_ws/src/install/executors_exercises_pkg' for CMake config files
[23.623s] Level 1:colcon.colcon_core.environment:checking '/home/user/ros2_ws/src/install/executors_exercises_pkg/bin'
[23.623s] Level 1:colcon.colcon_core.environment:checking '/home/user/ros2_ws/src/install/executors_exercises_pkg/lib/pkgconfig/executors_exercises_pkg.pc'
[23.625s] Level 1:colcon.colcon_core.environment:checking '/home/user/ros2_ws/src/install/executors_exercises_pkg/lib/python3.10/site-packages'
[23.626s] Level 1:colcon.colcon_core.environment:checking '/home/user/ros2_ws/src/install/executors_exercises_pkg/bin'
[23.627s] INFO:colcon.colcon_core.shell:Creating package script '/home/user/ros2_ws/src/install/executors_exercises_pkg/share/executors_exercises_pkg/package.ps1'
[23.629s] INFO:colcon.colcon_core.shell:Creating package descriptor '/home/user/ros2_ws/src/install/executors_exercises_pkg/share/executors_exercises_pkg/package.dsv'
[23.630s] INFO:colcon.colcon_core.shell:Creating package script '/home/user/ros2_ws/src/install/executors_exercises_pkg/share/executors_exercises_pkg/package.sh'
[23.632s] INFO:colcon.colcon_core.shell:Creating package script '/home/user/ros2_ws/src/install/executors_exercises_pkg/share/executors_exercises_pkg/package.bash'
[23.635s] INFO:colcon.colcon_core.shell:Creating package script '/home/user/ros2_ws/src/install/executors_exercises_pkg/share/executors_exercises_pkg/package.zsh'
[23.637s] Level 1:colcon.colcon_core.environment:create_file_with_runtime_dependencies(/home/user/ros2_ws/src/install/executors_exercises_pkg/share/colcon-core/packages/executors_exercises_pkg)
[23.641s] DEBUG:colcon.colcon_parallel_executor.executor.parallel:closing loop
[23.641s] DEBUG:colcon.colcon_parallel_executor.executor.parallel:loop closed
[23.641s] DEBUG:colcon.colcon_parallel_executor.executor.parallel:run_until_complete finished with '2'
[23.641s] DEBUG:colcon.colcon_core.event_reactor:joining thread
[23.806s] INFO:colcon.colcon_core.plugin_system:Skipping extension 'colcon_notification.desktop_notification.notify_send': Could not find 'notify-send'
[23.806s] INFO:colcon.colcon_core.plugin_system:Skipping extension 'colcon_notification.desktop_notification.terminal_notifier': Not used on non-Darwin systems
[23.806s] INFO:colcon.colcon_core.plugin_system:Skipping extension 'colcon_notification.desktop_notification.win32': Not used on non-Windows systems
[23.806s] INFO:colcon.colcon_notification.desktop_notification:Sending desktop notification using 'notify2'
[23.811s] DEBUG:colcon.colcon_notification.desktop_notification.notify2:Failed to initialize notify2: org.freedesktop.DBus.Error.Spawn.ExecFailed: /usr/bin/dbus-launch terminated abnormally without any error message
[23.811s] DEBUG:colcon.colcon_core.event_reactor:joined thread
[23.813s] INFO:colcon.colcon_core.shell:Creating prefix script '/home/user/ros2_ws/src/install/local_setup.ps1'
[23.815s] INFO:colcon.colcon_core.shell:Creating prefix util module '/home/user/ros2_ws/src/install/_local_setup_util_ps1.py'
[23.817s] INFO:colcon.colcon_core.shell:Creating prefix chain script '/home/user/ros2_ws/src/install/setup.ps1'
[23.820s] INFO:colcon.colcon_core.shell:Creating prefix script '/home/user/ros2_ws/src/install/local_setup.sh'
[23.821s] INFO:colcon.colcon_core.shell:Creating prefix util module '/home/user/ros2_ws/src/install/_local_setup_util_sh.py'
[23.821s] INFO:colcon.colcon_core.shell:Creating prefix chain script '/home/user/ros2_ws/src/install/setup.sh'
[23.823s] INFO:colcon.colcon_core.shell:Creating prefix script '/home/user/ros2_ws/src/install/local_setup.bash'
[23.824s] INFO:colcon.colcon_core.shell:Creating prefix chain script '/home/user/ros2_ws/src/install/setup.bash'
[23.826s] INFO:colcon.colcon_core.shell:Creating prefix script '/home/user/ros2_ws/src/install/local_setup.zsh'
[23.827s] INFO:colcon.colcon_core.shell:Creating prefix chain script '/home/user/ros2_ws/src/install/setup.zsh'
