[0.072s] Invoking command in '/home/user/ros2_ws/src/build/executors_exercises_pkg': CMAKE_PREFIX_PATH=${CMAKE_PREFIX_PATH}:/opt/ros/humble _=/usr/bin/env /usr/bin/cmake --build /home/user/ros2_ws/src/build/executors_exercises_pkg -- -j8 -l8
[0.183s] [ 10%] Built target executor_example_3_node
[0.186s] [ 20%] Built target executor_example_1_node
[0.199s] [ 30%] Built target executor_example_2_node
[0.219s] [ 50%] Built target executor_example_4_singlethreaded_node
[0.220s] [ 60%] Built target executor_example_5_reentrant_node
[0.220s] [ 50%] Built target executor_example_4_node
[0.224s] [ 70%] Built target executor_example_5_node
[0.230s] [ 80%] Built target executor_example_5_mutualyexclusive_node
[0.236s] [35m[1mConsolidate compiler generated dependencies of target bot_node[0m
[0.260s] [ 90%] Built target bot_node
[0.271s] [100%] Built target executor_example_5_mutualyexclusive_multiple_node
[0.285s] Invoked command in '/home/user/ros2_ws/src/build/executors_exercises_pkg' returned '0': CMAKE_PREFIX_PATH=${CMAKE_PREFIX_PATH}:/opt/ros/humble _=/usr/bin/env /usr/bin/cmake --build /home/user/ros2_ws/src/build/executors_exercises_pkg -- -j8 -l8
[0.456s] Invoking command in '/home/user/ros2_ws/src/build/executors_exercises_pkg': CMAKE_PREFIX_PATH=${CMAKE_PREFIX_PATH}:/opt/ros/humble _=/usr/bin/env /usr/bin/cmake --install /home/user/ros2_ws/src/build/executors_exercises_pkg
[0.471s] -- Install configuration: ""
[0.471s] -- Up-to-date: /home/user/ros2_ws/src/install/executors_exercises_pkg/lib/executors_exercises_pkg/executor_example_1_node
[0.471s] -- Up-to-date: /home/user/ros2_ws/src/install/executors_exercises_pkg/lib/executors_exercises_pkg/executor_example_2_node
[0.471s] -- Up-to-date: /home/user/ros2_ws/src/install/executors_exercises_pkg/lib/executors_exercises_pkg/executor_example_3_node
[0.472s] -- Up-to-date: /home/user/ros2_ws/src/install/executors_exercises_pkg/lib/executors_exercises_pkg/executor_example_4_node
[0.472s] -- Up-to-date: /home/user/ros2_ws/src/install/executors_exercises_pkg/lib/executors_exercises_pkg/executor_example_4_singlethreaded_node
[0.472s] -- Up-to-date: /home/user/ros2_ws/src/install/executors_exercises_pkg/lib/executors_exercises_pkg/executor_example_5_node
[0.472s] -- Up-to-date: /home/user/ros2_ws/src/install/executors_exercises_pkg/lib/executors_exercises_pkg/executor_example_5_reentrant_node
[0.472s] -- Up-to-date: /home/user/ros2_ws/src/install/executors_exercises_pkg/lib/executors_exercises_pkg/executor_example_5_mutualyexclusive_node
[0.472s] -- Up-to-date: /home/user/ros2_ws/src/install/executors_exercises_pkg/lib/executors_exercises_pkg/executor_example_5_mutualyexclusive_multiple_node
[0.472s] -- Up-to-date: /home/user/ros2_ws/src/install/executors_exercises_pkg/lib/executors_exercises_pkg/bot_node
[0.473s] -- Up-to-date: /home/user/ros2_ws/src/install/executors_exercises_pkg/share/ament_index/resource_index/package_run_dependencies/executors_exercises_pkg
[0.473s] -- Up-to-date: /home/user/ros2_ws/src/install/executors_exercises_pkg/share/ament_index/resource_index/parent_prefix_path/executors_exercises_pkg
[0.473s] -- Up-to-date: /home/user/ros2_ws/src/install/executors_exercises_pkg/share/executors_exercises_pkg/environment/ament_prefix_path.sh
[0.473s] -- Up-to-date: /home/user/ros2_ws/src/install/executors_exercises_pkg/share/executors_exercises_pkg/environment/ament_prefix_path.dsv
[0.473s] -- Up-to-date: /home/user/ros2_ws/src/install/executors_exercises_pkg/share/executors_exercises_pkg/environment/path.sh
[0.473s] -- Up-to-date: /home/user/ros2_ws/src/install/executors_exercises_pkg/share/executors_exercises_pkg/environment/path.dsv
[0.474s] -- Up-to-date: /home/user/ros2_ws/src/install/executors_exercises_pkg/share/executors_exercises_pkg/local_setup.bash
[0.474s] -- Up-to-date: /home/user/ros2_ws/src/install/executors_exercises_pkg/share/executors_exercises_pkg/local_setup.sh
[0.474s] -- Up-to-date: /home/user/ros2_ws/src/install/executors_exercises_pkg/share/executors_exercises_pkg/local_setup.zsh
[0.474s] -- Up-to-date: /home/user/ros2_ws/src/install/executors_exercises_pkg/share/executors_exercises_pkg/local_setup.dsv
[0.474s] -- Installing: /home/user/ros2_ws/src/install/executors_exercises_pkg/share/executors_exercises_pkg/package.dsv
[0.474s] -- Up-to-date: /home/user/ros2_ws/src/install/executors_exercises_pkg/share/ament_index/resource_index/packages/executors_exercises_pkg
[0.474s] -- Up-to-date: /home/user/ros2_ws/src/install/executors_exercises_pkg/share/executors_exercises_pkg/cmake/executors_exercises_pkgConfig.cmake
[0.475s] -- Up-to-date: /home/user/ros2_ws/src/install/executors_exercises_pkg/share/executors_exercises_pkg/cmake/executors_exercises_pkgConfig-version.cmake
[0.475s] -- Up-to-date: /home/user/ros2_ws/src/install/executors_exercises_pkg/share/executors_exercises_pkg/package.xml
[0.479s] Invoked command in '/home/user/ros2_ws/src/build/executors_exercises_pkg' returned '0': CMAKE_PREFIX_PATH=${CMAKE_PREFIX_PATH}:/opt/ros/humble _=/usr/bin/env /usr/bin/cmake --install /home/user/ros2_ws/src/build/executors_exercises_pkg
