[0.646s] DEBUG:colcon:Command line arguments: ['/usr/bin/colcon', 'build', '--packages-select', 'executors_exercises_pkg']
[0.646s] DEBUG:colcon:Parsed command line arguments: Namespace(log_base=None, log_level=None, verb_name='build', build_base='build', install_base='install', merge_install=False, symlink_install=False, test_result_base=None, continue_on_error=False, executor='parallel', parallel_workers=8, event_handlers=None, ignore_user_meta=False, metas=['./colcon.meta'], base_paths=['.'], packages_ignore=None, packages_ignore_regex=None, paths=None, packages_up_to=None, packages_up_to_regex=None, packages_above=None, packages_above_and_dependencies=None, packages_above_depth=None, packages_select_by_dep=None, packages_skip_by_dep=None, packages_skip_up_to=None, packages_select_build_failed=False, packages_skip_build_finished=False, packages_select_test_failures=False, packages_skip_test_passed=False, packages_select=['executors_exercises_pkg'], packages_skip=None, packages_select_regex=None, packages_skip_regex=None, packages_start=None, packages_end=None, allow_overriding=[], cmake_args=None, cmake_target=None, cmake_target_skip_unavailable=False, cmake_clean_cache=False, cmake_clean_first=False, cmake_force_configure=False, meson_args=[], ament_cmake_args=None, catkin_cmake_args=None, catkin_skip_building_tests=False, mixin_files=None, mixin=None, verb_parser=<colcon_alias.argument_parser.alias.AliasArgumentDecorator object at 0x7f0d3b85c3d0>, verb_extension=<colcon_core.verb.build.BuildVerb object at 0x7f0d3c1cf3a0>, main=<bound method BuildVerb.main of <colcon_core.verb.build.BuildVerb object at 0x7f0d3c1cf3a0>>, mixin_verb=('build',))
[0.674s] Level 1:colcon.colcon_core.package_discovery:discover_packages(colcon_meta) check parameters
[0.674s] Level 1:colcon.colcon_core.package_discovery:discover_packages(recursive) check parameters
[0.675s] Level 1:colcon.colcon_core.package_discovery:discover_packages(ignore) check parameters
[0.675s] Level 1:colcon.colcon_core.package_discovery:discover_packages(path) check parameters
[0.675s] Level 1:colcon.colcon_core.package_discovery:discover_packages(colcon_meta) discover
[0.675s] Level 1:colcon.colcon_core.package_discovery:discover_packages(recursive) discover
[0.675s] INFO:colcon.colcon_core.package_discovery:Crawling recursively for packages in '/home/user/ros2_ws/src'
[0.675s] Level 1:colcon.colcon_core.package_identification:_identify(.) by extensions ['ignore', 'ignore_ament_install']
[0.675s] Level 1:colcon.colcon_core.package_identification:_identify(.) by extension 'ignore'
[0.675s] Level 1:colcon.colcon_core.package_identification:_identify(.) by extension 'ignore_ament_install'
[0.675s] Level 1:colcon.colcon_core.package_identification:_identify(.) by extensions ['colcon_pkg']
[0.675s] Level 1:colcon.colcon_core.package_identification:_identify(.) by extension 'colcon_pkg'
[0.675s] Level 1:colcon.colcon_core.package_identification:_identify(.) by extensions ['colcon_meta']
[0.675s] Level 1:colcon.colcon_core.package_identification:_identify(.) by extension 'colcon_meta'
[0.675s] Level 1:colcon.colcon_core.package_identification:_identify(.) by extensions ['ros']
[0.676s] Level 1:colcon.colcon_core.package_identification:_identify(.) by extension 'ros'
[0.692s] Level 1:colcon.colcon_core.package_identification:_identify(.) by extensions ['cmake', 'meson', 'python']
[0.692s] Level 1:colcon.colcon_core.package_identification:_identify(.) by extension 'cmake'
[0.692s] Level 1:colcon.colcon_core.package_identification:_identify(.) by extension 'meson'
[0.692s] Level 1:colcon.colcon_core.package_identification:_identify(.) by extension 'python'
[0.692s] Level 1:colcon.colcon_core.package_identification:_identify(.) by extensions ['python_setup_py']
[0.692s] Level 1:colcon.colcon_core.package_identification:_identify(.) by extension 'python_setup_py'
[0.692s] Level 1:colcon.colcon_core.package_identification:_identify(build) by extensions ['ignore', 'ignore_ament_install']
[0.692s] Level 1:colcon.colcon_core.package_identification:_identify(build) by extension 'ignore'
[0.692s] Level 1:colcon.colcon_core.package_identification:_identify(build) ignored
[0.693s] Level 1:colcon.colcon_core.package_identification:_identify(executors_exercises_pkg) by extensions ['ignore', 'ignore_ament_install']
[0.693s] Level 1:colcon.colcon_core.package_identification:_identify(executors_exercises_pkg) by extension 'ignore'
[0.693s] Level 1:colcon.colcon_core.package_identification:_identify(executors_exercises_pkg) by extension 'ignore_ament_install'
[0.693s] Level 1:colcon.colcon_core.package_identification:_identify(executors_exercises_pkg) by extensions ['colcon_pkg']
[0.693s] Level 1:colcon.colcon_core.package_identification:_identify(executors_exercises_pkg) by extension 'colcon_pkg'
[0.693s] Level 1:colcon.colcon_core.package_identification:_identify(executors_exercises_pkg) by extensions ['colcon_meta']
[0.693s] Level 1:colcon.colcon_core.package_identification:_identify(executors_exercises_pkg) by extension 'colcon_meta'
[0.693s] Level 1:colcon.colcon_core.package_identification:_identify(executors_exercises_pkg) by extensions ['ros']
[0.693s] Level 1:colcon.colcon_core.package_identification:_identify(executors_exercises_pkg) by extension 'ros'
[0.696s] DEBUG:colcon.colcon_core.package_identification:Package 'executors_exercises_pkg' with type 'ros.ament_cmake' and name 'executors_exercises_pkg'
[0.697s] Level 1:colcon.colcon_core.package_identification:_identify(install) by extensions ['ignore', 'ignore_ament_install']
[0.697s] Level 1:colcon.colcon_core.package_identification:_identify(install) by extension 'ignore'
[0.697s] Level 1:colcon.colcon_core.package_identification:_identify(install) ignored
[0.697s] Level 1:colcon.colcon_core.package_identification:_identify(log) by extensions ['ignore', 'ignore_ament_install']
[0.697s] Level 1:colcon.colcon_core.package_identification:_identify(log) by extension 'ignore'
[0.697s] Level 1:colcon.colcon_core.package_identification:_identify(log) ignored
[0.697s] Level 1:colcon.colcon_core.package_identification:_identify(my_package) by extensions ['ignore', 'ignore_ament_install']
[0.697s] Level 1:colcon.colcon_core.package_identification:_identify(my_package) by extension 'ignore'
[0.697s] Level 1:colcon.colcon_core.package_identification:_identify(my_package) by extension 'ignore_ament_install'
[0.698s] Level 1:colcon.colcon_core.package_identification:_identify(my_package) by extensions ['colcon_pkg']
[0.698s] Level 1:colcon.colcon_core.package_identification:_identify(my_package) by extension 'colcon_pkg'
[0.698s] Level 1:colcon.colcon_core.package_identification:_identify(my_package) by extensions ['colcon_meta']
[0.698s] Level 1:colcon.colcon_core.package_identification:_identify(my_package) by extension 'colcon_meta'
[0.698s] Level 1:colcon.colcon_core.package_identification:_identify(my_package) by extensions ['ros']
[0.698s] Level 1:colcon.colcon_core.package_identification:_identify(my_package) by extension 'ros'
[0.698s] DEBUG:colcon.colcon_core.package_identification:Package 'my_package' with type 'ros.ament_cmake' and name 'my_package'
[0.699s] Level 1:colcon.colcon_core.package_identification:_identify(src) by extensions ['ignore', 'ignore_ament_install']
[0.699s] Level 1:colcon.colcon_core.package_identification:_identify(src) by extension 'ignore'
[0.699s] Level 1:colcon.colcon_core.package_identification:_identify(src) by extension 'ignore_ament_install'
[0.699s] Level 1:colcon.colcon_core.package_identification:_identify(src) by extensions ['colcon_pkg']
[0.699s] Level 1:colcon.colcon_core.package_identification:_identify(src) by extension 'colcon_pkg'
[0.699s] Level 1:colcon.colcon_core.package_identification:_identify(src) by extensions ['colcon_meta']
[0.699s] Level 1:colcon.colcon_core.package_identification:_identify(src) by extension 'colcon_meta'
[0.699s] Level 1:colcon.colcon_core.package_identification:_identify(src) by extensions ['ros']
[0.699s] Level 1:colcon.colcon_core.package_identification:_identify(src) by extension 'ros'
[0.699s] Level 1:colcon.colcon_core.package_identification:_identify(src) by extensions ['cmake', 'meson', 'python']
[0.699s] Level 1:colcon.colcon_core.package_identification:_identify(src) by extension 'cmake'
[0.699s] Level 1:colcon.colcon_core.package_identification:_identify(src) by extension 'meson'
[0.699s] Level 1:colcon.colcon_core.package_identification:_identify(src) by extension 'python'
[0.699s] Level 1:colcon.colcon_core.package_identification:_identify(src) by extensions ['python_setup_py']
[0.699s] Level 1:colcon.colcon_core.package_identification:_identify(src) by extension 'python_setup_py'
[0.700s] Level 1:colcon.colcon_core.package_identification:_identify(src/my_package) by extensions ['ignore', 'ignore_ament_install']
[0.700s] Level 1:colcon.colcon_core.package_identification:_identify(src/my_package) by extension 'ignore'
[0.700s] Level 1:colcon.colcon_core.package_identification:_identify(src/my_package) by extension 'ignore_ament_install'
[0.700s] Level 1:colcon.colcon_core.package_identification:_identify(src/my_package) by extensions ['colcon_pkg']
[0.700s] Level 1:colcon.colcon_core.package_identification:_identify(src/my_package) by extension 'colcon_pkg'
[0.700s] Level 1:colcon.colcon_core.package_identification:_identify(src/my_package) by extensions ['colcon_meta']
[0.700s] Level 1:colcon.colcon_core.package_identification:_identify(src/my_package) by extension 'colcon_meta'
[0.700s] Level 1:colcon.colcon_core.package_identification:_identify(src/my_package) by extensions ['ros']
[0.700s] Level 1:colcon.colcon_core.package_identification:_identify(src/my_package) by extension 'ros'
[0.701s] DEBUG:colcon.colcon_core.package_identification:Package 'src/my_package' with type 'ros.ament_cmake' and name 'my_package'
[0.701s] Level 1:colcon.colcon_core.package_discovery:discover_packages(recursive) using defaults
[0.701s] Level 1:colcon.colcon_core.package_discovery:discover_packages(ignore) discover
[0.701s] Level 1:colcon.colcon_core.package_discovery:discover_packages(ignore) using defaults
[0.701s] Level 1:colcon.colcon_core.package_discovery:discover_packages(path) discover
[0.701s] Level 1:colcon.colcon_core.package_discovery:discover_packages(path) using defaults
[0.725s] INFO:colcon.colcon_core.package_selection:Skipping not selected package 'my_package' in 'src/my_package'
[0.725s] INFO:colcon.colcon_core.package_selection:Skipping not selected package 'my_package' in 'my_package'
[0.726s] Level 1:colcon.colcon_core.package_discovery:discover_packages(prefix_path) check parameters
[0.726s] Level 1:colcon.colcon_core.package_discovery:discover_packages(prefix_path) discover
[0.731s] DEBUG:colcon.colcon_installed_package_information.package_discovery:Found 2 installed packages in /home/user/ros2_ws/src/install
[0.732s] DEBUG:colcon.colcon_installed_package_information.package_discovery:Found 4 installed packages in /home/simulations/ros2_sims_ws/install
[0.733s] DEBUG:colcon.colcon_installed_package_information.package_discovery:Found 2 installed packages in /home/user/ros2_ws/install
[0.738s] DEBUG:colcon.colcon_installed_package_information.package_discovery:Found 417 installed packages in /opt/ros/humble
[0.742s] Level 1:colcon.colcon_core.package_discovery:discover_packages(prefix_path) using defaults
[0.871s] Level 5:colcon.colcon_core.verb:set package 'executors_exercises_pkg' build argument 'cmake_args' from command line to 'None'
[0.872s] Level 5:colcon.colcon_core.verb:set package 'executors_exercises_pkg' build argument 'cmake_target' from command line to 'None'
[0.872s] Level 5:colcon.colcon_core.verb:set package 'executors_exercises_pkg' build argument 'cmake_target_skip_unavailable' from command line to 'False'
[0.872s] Level 5:colcon.colcon_core.verb:set package 'executors_exercises_pkg' build argument 'cmake_clean_cache' from command line to 'False'
[0.872s] Level 5:colcon.colcon_core.verb:set package 'executors_exercises_pkg' build argument 'cmake_clean_first' from command line to 'False'
[0.872s] Level 5:colcon.colcon_core.verb:set package 'executors_exercises_pkg' build argument 'cmake_force_configure' from command line to 'False'
[0.872s] Level 5:colcon.colcon_core.verb:set package 'executors_exercises_pkg' build argument 'meson_args' from command line to '[]'
[0.872s] Level 5:colcon.colcon_core.verb:set package 'executors_exercises_pkg' build argument 'ament_cmake_args' from command line to 'None'
[0.872s] Level 5:colcon.colcon_core.verb:set package 'executors_exercises_pkg' build argument 'catkin_cmake_args' from command line to 'None'
[0.872s] Level 5:colcon.colcon_core.verb:set package 'executors_exercises_pkg' build argument 'catkin_skip_building_tests' from command line to 'False'
[0.872s] DEBUG:colcon.colcon_core.verb:Building package 'executors_exercises_pkg' with the following arguments: {'ament_cmake_args': None, 'build_base': '/home/user/ros2_ws/src/build/executors_exercises_pkg', 'catkin_cmake_args': None, 'catkin_skip_building_tests': False, 'cmake_args': None, 'cmake_clean_cache': False, 'cmake_clean_first': False, 'cmake_force_configure': False, 'cmake_target': None, 'cmake_target_skip_unavailable': False, 'install_base': '/home/user/ros2_ws/src/install/executors_exercises_pkg', 'merge_install': False, 'meson_args': [], 'path': '/home/user/ros2_ws/src/executors_exercises_pkg', 'symlink_install': False, 'test_result_base': None}
[0.873s] INFO:colcon.colcon_core.executor:Executing jobs using 'parallel' executor
[0.880s] DEBUG:colcon.colcon_parallel_executor.executor.parallel:run_until_complete
[0.880s] INFO:colcon.colcon_ros.task.ament_cmake.build:Building ROS package in '/home/user/ros2_ws/src/executors_exercises_pkg' with build type 'ament_cmake'
[0.880s] INFO:colcon.colcon_cmake.task.cmake.build:Building CMake package in '/home/user/ros2_ws/src/executors_exercises_pkg'
[0.886s] INFO:colcon.colcon_core.plugin_system:Skipping extension 'colcon_core.shell.bat': Not used on non-Windows systems
[0.887s] INFO:colcon.colcon_core.shell:Skip shell extension 'powershell' for command environment: Not usable outside of PowerShell
[0.887s] DEBUG:colcon.colcon_core.shell:Skip shell extension 'dsv' for command environment
[0.934s] DEBUG:colcon.colcon_core.event_handler.log_command:Invoking command in '/home/user/ros2_ws/src/build/executors_exercises_pkg': CMAKE_PREFIX_PATH=${CMAKE_PREFIX_PATH}:/opt/ros/humble _=/usr/bin/env /usr/bin/cmake --build /home/user/ros2_ws/src/build/executors_exercises_pkg -- -j8 -l8
[13.092s] DEBUG:colcon.colcon_core.event_handler.log_command:Invoked command in '/home/user/ros2_ws/src/build/executors_exercises_pkg' returned '0': CMAKE_PREFIX_PATH=${CMAKE_PREFIX_PATH}:/opt/ros/humble _=/usr/bin/env /usr/bin/cmake --build /home/user/ros2_ws/src/build/executors_exercises_pkg -- -j8 -l8
[13.234s] DEBUG:colcon.colcon_core.event_handler.log_command:Invoking command in '/home/user/ros2_ws/src/build/executors_exercises_pkg': CMAKE_PREFIX_PATH=${CMAKE_PREFIX_PATH}:/opt/ros/humble _=/usr/bin/env /usr/bin/cmake --install /home/user/ros2_ws/src/build/executors_exercises_pkg
[13.263s] Level 1:colcon.colcon_core.environment:create_environment_scripts_only(executors_exercises_pkg)
[13.268s] DEBUG:colcon.colcon_core.event_handler.log_command:Invoked command in '/home/user/ros2_ws/src/build/executors_exercises_pkg' returned '0': CMAKE_PREFIX_PATH=${CMAKE_PREFIX_PATH}:/opt/ros/humble _=/usr/bin/env /usr/bin/cmake --install /home/user/ros2_ws/src/build/executors_exercises_pkg
[13.272s] Level 1:colcon.colcon_core.environment:checking '/home/user/ros2_ws/src/install/executors_exercises_pkg' for CMake module files
[13.273s] Level 1:colcon.colcon_core.environment:checking '/home/user/ros2_ws/src/install/executors_exercises_pkg' for CMake config files
[13.273s] Level 1:colcon.colcon_core.shell:create_environment_hook('executors_exercises_pkg', 'cmake_prefix_path')
[13.275s] INFO:colcon.colcon_core.shell:Creating environment hook '/home/user/ros2_ws/src/install/executors_exercises_pkg/share/executors_exercises_pkg/hook/cmake_prefix_path.ps1'
[13.275s] INFO:colcon.colcon_core.shell:Creating environment descriptor '/home/user/ros2_ws/src/install/executors_exercises_pkg/share/executors_exercises_pkg/hook/cmake_prefix_path.dsv'
[13.276s] INFO:colcon.colcon_core.shell:Creating environment hook '/home/user/ros2_ws/src/install/executors_exercises_pkg/share/executors_exercises_pkg/hook/cmake_prefix_path.sh'
[13.277s] Level 1:colcon.colcon_core.environment:checking '/home/user/ros2_ws/src/install/executors_exercises_pkg/lib'
[13.277s] Level 1:colcon.colcon_core.environment:checking '/home/user/ros2_ws/src/install/executors_exercises_pkg/bin'
[13.277s] Level 1:colcon.colcon_core.environment:checking '/home/user/ros2_ws/src/install/executors_exercises_pkg/lib/pkgconfig/executors_exercises_pkg.pc'
[13.277s] Level 1:colcon.colcon_core.environment:checking '/home/user/ros2_ws/src/install/executors_exercises_pkg/lib/python3.10/site-packages'
[13.277s] Level 1:colcon.colcon_core.environment:checking '/home/user/ros2_ws/src/install/executors_exercises_pkg/bin'
[13.279s] INFO:colcon.colcon_core.shell:Creating package script '/home/user/ros2_ws/src/install/executors_exercises_pkg/share/executors_exercises_pkg/package.ps1'
[13.280s] INFO:colcon.colcon_core.shell:Creating package descriptor '/home/user/ros2_ws/src/install/executors_exercises_pkg/share/executors_exercises_pkg/package.dsv'
[13.280s] INFO:colcon.colcon_core.shell:Creating package script '/home/user/ros2_ws/src/install/executors_exercises_pkg/share/executors_exercises_pkg/package.sh'
[13.281s] INFO:colcon.colcon_core.shell:Creating package script '/home/user/ros2_ws/src/install/executors_exercises_pkg/share/executors_exercises_pkg/package.bash'
[13.281s] INFO:colcon.colcon_core.shell:Creating package script '/home/user/ros2_ws/src/install/executors_exercises_pkg/share/executors_exercises_pkg/package.zsh'
[13.282s] Level 1:colcon.colcon_core.environment:create_file_with_runtime_dependencies(/home/user/ros2_ws/src/install/executors_exercises_pkg/share/colcon-core/packages/executors_exercises_pkg)
[13.422s] Level 1:colcon.colcon_core.environment:create_environment_scripts_only(executors_exercises_pkg)
[13.425s] Level 1:colcon.colcon_core.environment:checking '/home/user/ros2_ws/src/install/executors_exercises_pkg' for CMake module files
[13.426s] Level 1:colcon.colcon_core.environment:checking '/home/user/ros2_ws/src/install/executors_exercises_pkg' for CMake config files
[13.426s] Level 1:colcon.colcon_core.shell:create_environment_hook('executors_exercises_pkg', 'cmake_prefix_path')
[13.428s] INFO:colcon.colcon_core.shell:Creating environment hook '/home/user/ros2_ws/src/install/executors_exercises_pkg/share/executors_exercises_pkg/hook/cmake_prefix_path.ps1'
[13.429s] INFO:colcon.colcon_core.shell:Creating environment descriptor '/home/user/ros2_ws/src/install/executors_exercises_pkg/share/executors_exercises_pkg/hook/cmake_prefix_path.dsv'
[13.429s] INFO:colcon.colcon_core.shell:Creating environment hook '/home/user/ros2_ws/src/install/executors_exercises_pkg/share/executors_exercises_pkg/hook/cmake_prefix_path.sh'
[13.430s] Level 1:colcon.colcon_core.environment:checking '/home/user/ros2_ws/src/install/executors_exercises_pkg/lib'
[13.430s] Level 1:colcon.colcon_core.environment:checking '/home/user/ros2_ws/src/install/executors_exercises_pkg/bin'
[13.430s] Level 1:colcon.colcon_core.environment:checking '/home/user/ros2_ws/src/install/executors_exercises_pkg/lib/pkgconfig/executors_exercises_pkg.pc'
[13.430s] Level 1:colcon.colcon_core.environment:checking '/home/user/ros2_ws/src/install/executors_exercises_pkg/lib/python3.10/site-packages'
[13.431s] Level 1:colcon.colcon_core.environment:checking '/home/user/ros2_ws/src/install/executors_exercises_pkg/bin'
[13.432s] INFO:colcon.colcon_core.shell:Creating package script '/home/user/ros2_ws/src/install/executors_exercises_pkg/share/executors_exercises_pkg/package.ps1'
[13.433s] INFO:colcon.colcon_core.shell:Creating package descriptor '/home/user/ros2_ws/src/install/executors_exercises_pkg/share/executors_exercises_pkg/package.dsv'
[13.434s] INFO:colcon.colcon_core.shell:Creating package script '/home/user/ros2_ws/src/install/executors_exercises_pkg/share/executors_exercises_pkg/package.sh'
[13.434s] INFO:colcon.colcon_core.shell:Creating package script '/home/user/ros2_ws/src/install/executors_exercises_pkg/share/executors_exercises_pkg/package.bash'
[13.435s] INFO:colcon.colcon_core.shell:Creating package script '/home/user/ros2_ws/src/install/executors_exercises_pkg/share/executors_exercises_pkg/package.zsh'
[13.435s] Level 1:colcon.colcon_core.environment:create_file_with_runtime_dependencies(/home/user/ros2_ws/src/install/executors_exercises_pkg/share/colcon-core/packages/executors_exercises_pkg)
[13.436s] DEBUG:colcon.colcon_parallel_executor.executor.parallel:closing loop
[13.436s] DEBUG:colcon.colcon_parallel_executor.executor.parallel:loop closed
[13.437s] DEBUG:colcon.colcon_parallel_executor.executor.parallel:run_until_complete finished with '0'
[13.437s] DEBUG:colcon.colcon_core.event_reactor:joining thread
[13.442s] INFO:colcon.colcon_core.plugin_system:Skipping extension 'colcon_notification.desktop_notification.notify_send': Could not find 'notify-send'
[13.442s] INFO:colcon.colcon_core.plugin_system:Skipping extension 'colcon_notification.desktop_notification.terminal_notifier': Not used on non-Darwin systems
[13.442s] INFO:colcon.colcon_core.plugin_system:Skipping extension 'colcon_notification.desktop_notification.win32': Not used on non-Windows systems
[13.442s] INFO:colcon.colcon_notification.desktop_notification:Sending desktop notification using 'notify2'
[13.444s] DEBUG:colcon.colcon_notification.desktop_notification.notify2:Failed to initialize notify2: org.freedesktop.DBus.Error.Spawn.ExecFailed: /usr/bin/dbus-launch terminated abnormally without any error message
[13.444s] DEBUG:colcon.colcon_core.event_reactor:joined thread
[13.448s] INFO:colcon.colcon_core.shell:Creating prefix script '/home/user/ros2_ws/src/install/local_setup.ps1'
[13.449s] INFO:colcon.colcon_core.shell:Creating prefix util module '/home/user/ros2_ws/src/install/_local_setup_util_ps1.py'
[13.452s] INFO:colcon.colcon_core.shell:Creating prefix chain script '/home/user/ros2_ws/src/install/setup.ps1'
[13.454s] INFO:colcon.colcon_core.shell:Creating prefix script '/home/user/ros2_ws/src/install/local_setup.sh'
[13.455s] INFO:colcon.colcon_core.shell:Creating prefix util module '/home/user/ros2_ws/src/install/_local_setup_util_sh.py'
[13.456s] INFO:colcon.colcon_core.shell:Creating prefix chain script '/home/user/ros2_ws/src/install/setup.sh'
[13.459s] INFO:colcon.colcon_core.shell:Creating prefix script '/home/user/ros2_ws/src/install/local_setup.bash'
[13.460s] INFO:colcon.colcon_core.shell:Creating prefix chain script '/home/user/ros2_ws/src/install/setup.bash'
[13.462s] INFO:colcon.colcon_core.shell:Creating prefix script '/home/user/ros2_ws/src/install/local_setup.zsh'
[13.463s] INFO:colcon.colcon_core.shell:Creating prefix chain script '/home/user/ros2_ws/src/install/setup.zsh'
