[0.164s] Invoking command in '/home/user/ros2_ws/build/my_package': CMAKE_PREFIX_PATH=${CMAKE_PREFIX_PATH}:/home/simulations/ros2_sims_ws/install/services_pkg:/home/simulations/ros2_sims_ws/install/parameter_tests:/opt/ros/humble _=/usr/bin/env /usr/bin/cmake /home/user/ros2_ws/src/my_package -DCMAKE_INSTALL_PREFIX=/home/user/ros2_ws/install/my_package
[7.114s] -- The C compiler identification is GNU 11.2.0
[10.184s] -- The CXX compiler identification is GNU 11.2.0
[10.232s] -- Detecting C compiler ABI info
[10.459s] -- Detecting C compiler ABI info - done
[10.467s] -- Check for working C compiler: /usr/bin/cc - skipped
[10.468s] -- Detecting C compile features
[10.555s] -- Detecting C compile features - done
[10.560s] -- Detecting CXX compiler ABI info
[10.809s] -- Detecting CXX compiler ABI info - done
[10.817s] -- Check for working CXX compiler: /usr/bin/c++ - skipped
[10.817s] -- Detecting CXX compile features
[10.818s] -- Detecting CXX compile features - done
[10.827s] -- Found ament_cmake: 1.3.2 (/opt/ros/humble/share/ament_cmake/cmake)
[11.108s] -- Found Python3: /usr/bin/python3.10 (found version "3.10.6") found components: Interpreter 
[11.497s] -- Found rclcpp: 16.0.1 (/opt/ros/humble/share/rclcpp/cmake)
[11.783s] -- Found rosidl_generator_c: 3.1.3 (/opt/ros/humble/share/rosidl_generator_c/cmake)
[11.797s] -- Found rosidl_adapter: 3.1.3 (/opt/ros/humble/share/rosidl_adapter/cmake)
[11.892s] -- Found rosidl_generator_cpp: 3.1.3 (/opt/ros/humble/share/rosidl_generator_cpp/cmake)
[11.924s] -- Using all available rosidl_typesupport_c: rosidl_typesupport_fastrtps_c;rosidl_typesupport_introspection_c
[11.963s] -- Using all available rosidl_typesupport_cpp: rosidl_typesupport_fastrtps_cpp;rosidl_typesupport_introspection_cpp
[12.267s] -- Found rmw_implementation_cmake: 6.1.0 (/opt/ros/humble/share/rmw_implementation_cmake/cmake)
[12.275s] -- Found rmw_fastrtps_cpp: 6.2.1 (/opt/ros/humble/share/rmw_fastrtps_cpp/cmake)
[13.006s] -- Found OpenSSL: /usr/lib/x86_64-linux-gnu/libcrypto.so (found version "3.0.2")  
[13.043s] -- Found FastRTPS: /opt/ros/humble/include  
[13.103s] -- Using RMW implementation 'rmw_fastrtps_cpp' as default
[13.451s] -- Found ament_lint_auto: 0.12.4 (/opt/ros/humble/share/ament_lint_auto/cmake)
[13.563s] -- Added test 'lint_cmake' to check CMake code style
[13.567s] -- Added test 'xmllint' to check XML markup files
[13.568s] -- Configuring done
[13.574s] -- Generating done
[13.575s] -- Build files have been written to: /home/user/ros2_ws/build/my_package
[13.585s] Invoked command in '/home/user/ros2_ws/build/my_package' returned '0': CMAKE_PREFIX_PATH=${CMAKE_PREFIX_PATH}:/home/simulations/ros2_sims_ws/install/services_pkg:/home/simulations/ros2_sims_ws/install/parameter_tests:/opt/ros/humble _=/usr/bin/env /usr/bin/cmake /home/user/ros2_ws/src/my_package -DCMAKE_INSTALL_PREFIX=/home/user/ros2_ws/install/my_package
[13.587s] Invoking command in '/home/user/ros2_ws/build/my_package': CMAKE_PREFIX_PATH=${CMAKE_PREFIX_PATH}:/home/simulations/ros2_sims_ws/install/services_pkg:/home/simulations/ros2_sims_ws/install/parameter_tests:/opt/ros/humble _=/usr/bin/env /usr/bin/cmake --build /home/user/ros2_ws/build/my_package -- -j8 -l8
[13.625s] Invoked command in '/home/user/ros2_ws/build/my_package' returned '0': CMAKE_PREFIX_PATH=${CMAKE_PREFIX_PATH}:/home/simulations/ros2_sims_ws/install/services_pkg:/home/simulations/ros2_sims_ws/install/parameter_tests:/opt/ros/humble _=/usr/bin/env /usr/bin/cmake --build /home/user/ros2_ws/build/my_package -- -j8 -l8
[13.658s] Invoking command in '/home/user/ros2_ws/build/my_package': CMAKE_PREFIX_PATH=${CMAKE_PREFIX_PATH}:/home/simulations/ros2_sims_ws/install/services_pkg:/home/simulations/ros2_sims_ws/install/parameter_tests:/opt/ros/humble _=/usr/bin/env /usr/bin/cmake --install /home/user/ros2_ws/build/my_package
[13.664s] -- Install configuration: ""
[13.664s] -- Installing: /home/user/ros2_ws/install/my_package/share/ament_index/resource_index/package_run_dependencies/my_package
[13.664s] -- Installing: /home/user/ros2_ws/install/my_package/share/ament_index/resource_index/parent_prefix_path/my_package
[13.665s] -- Installing: /home/user/ros2_ws/install/my_package/share/my_package/environment/ament_prefix_path.sh
[13.665s] -- Installing: /home/user/ros2_ws/install/my_package/share/my_package/environment/ament_prefix_path.dsv
[13.665s] -- Installing: /home/user/ros2_ws/install/my_package/share/my_package/environment/path.sh
[13.665s] -- Installing: /home/user/ros2_ws/install/my_package/share/my_package/environment/path.dsv
[13.665s] -- Installing: /home/user/ros2_ws/install/my_package/share/my_package/local_setup.bash
[13.665s] -- Installing: /home/user/ros2_ws/install/my_package/share/my_package/local_setup.sh
[13.666s] -- Installing: /home/user/ros2_ws/install/my_package/share/my_package/local_setup.zsh
[13.666s] -- Installing: /home/user/ros2_ws/install/my_package/share/my_package/local_setup.dsv
[13.666s] -- Installing: /home/user/ros2_ws/install/my_package/share/my_package/package.dsv
[13.666s] -- Installing: /home/user/ros2_ws/install/my_package/share/ament_index/resource_index/packages/my_package
[13.666s] -- Installing: /home/user/ros2_ws/install/my_package/share/my_package/cmake/my_packageConfig.cmake
[13.667s] -- Installing: /home/user/ros2_ws/install/my_package/share/my_package/cmake/my_packageConfig-version.cmake
[13.667s] -- Installing: /home/user/ros2_ws/install/my_package/share/my_package/package.xml
[13.669s] Invoked command in '/home/user/ros2_ws/build/my_package' returned '0': CMAKE_PREFIX_PATH=${CMAKE_PREFIX_PATH}:/home/simulations/ros2_sims_ws/install/services_pkg:/home/simulations/ros2_sims_ws/install/parameter_tests:/opt/ros/humble _=/usr/bin/env /usr/bin/cmake --install /home/user/ros2_ws/build/my_package
