[0.018s] Invoking command in '/home/user/ros2_ws/build/my_package': CMAKE_PREFIX_PATH=${CMAKE_PREFIX_PATH}:/home/simulations/ros2_sims_ws/install/services_pkg:/home/simulations/ros2_sims_ws/install/parameter_tests:/opt/ros/humble _=/usr/bin/env /usr/bin/cmake --build /home/user/ros2_ws/build/my_package -- -j8 -l8
[0.057s] [35m[1mConsolidate compiler generated dependencies of target simple_node[0m
[0.083s] [ 50%] [32mBuilding CXX object CMakeFiles/simple_node.dir/src/simple.cpp.o[0m
[2.886s] [100%] [32m[1mLinking CXX executable simple_node[0m
[2.988s] [100%] Built target simple_node
[2.997s] Invoked command in '/home/user/ros2_ws/build/my_package' returned '0': CMAKE_PREFIX_PATH=${CMAKE_PREFIX_PATH}:/home/simulations/ros2_sims_ws/install/services_pkg:/home/simulations/ros2_sims_ws/install/parameter_tests:/opt/ros/humble _=/usr/bin/env /usr/bin/cmake --build /home/user/ros2_ws/build/my_package -- -j8 -l8
[3.035s] Invoking command in '/home/user/ros2_ws/build/my_package': CMAKE_PREFIX_PATH=${CMAKE_PREFIX_PATH}:/home/simulations/ros2_sims_ws/install/services_pkg:/home/simulations/ros2_sims_ws/install/parameter_tests:/opt/ros/humble _=/usr/bin/env /usr/bin/cmake --install /home/user/ros2_ws/build/my_package
[3.041s] -- Install configuration: ""
[3.041s] -- Installing: /home/user/ros2_ws/install/my_package/lib/my_package/simple_node
[3.042s] -- Set runtime path of "/home/user/ros2_ws/install/my_package/lib/my_package/simple_node" to ""
[3.042s] -- Up-to-date: /home/user/ros2_ws/install/my_package/share/my_package//launch
[3.042s] -- Up-to-date: /home/user/ros2_ws/install/my_package/share/my_package//launch/my_package_launch_file.launch.py
[3.042s] -- Up-to-date: /home/user/ros2_ws/install/my_package/share/ament_index/resource_index/package_run_dependencies/my_package
[3.042s] -- Up-to-date: /home/user/ros2_ws/install/my_package/share/ament_index/resource_index/parent_prefix_path/my_package
[3.042s] -- Up-to-date: /home/user/ros2_ws/install/my_package/share/my_package/environment/ament_prefix_path.sh
[3.043s] -- Up-to-date: /home/user/ros2_ws/install/my_package/share/my_package/environment/ament_prefix_path.dsv
[3.043s] -- Up-to-date: /home/user/ros2_ws/install/my_package/share/my_package/environment/path.sh
[3.043s] -- Up-to-date: /home/user/ros2_ws/install/my_package/share/my_package/environment/path.dsv
[3.043s] -- Up-to-date: /home/user/ros2_ws/install/my_package/share/my_package/local_setup.bash
[3.043s] -- Up-to-date: /home/user/ros2_ws/install/my_package/share/my_package/local_setup.sh
[3.043s] -- Up-to-date: /home/user/ros2_ws/install/my_package/share/my_package/local_setup.zsh
[3.043s] -- Up-to-date: /home/user/ros2_ws/install/my_package/share/my_package/local_setup.dsv
[3.043s] -- Installing: /home/user/ros2_ws/install/my_package/share/my_package/package.dsv
[3.043s] -- Up-to-date: /home/user/ros2_ws/install/my_package/share/ament_index/resource_index/packages/my_package
[3.043s] -- Up-to-date: /home/user/ros2_ws/install/my_package/share/my_package/cmake/my_packageConfig.cmake
[3.044s] -- Up-to-date: /home/user/ros2_ws/install/my_package/share/my_package/cmake/my_packageConfig-version.cmake
[3.044s] -- Up-to-date: /home/user/ros2_ws/install/my_package/share/my_package/package.xml
[3.045s] Invoked command in '/home/user/ros2_ws/build/my_package' returned '0': CMAKE_PREFIX_PATH=${CMAKE_PREFIX_PATH}:/home/simulations/ros2_sims_ws/install/services_pkg:/home/simulations/ros2_sims_ws/install/parameter_tests:/opt/ros/humble _=/usr/bin/env /usr/bin/cmake --install /home/user/ros2_ws/build/my_package
