[0.670s] DEBUG:colcon:Command line arguments: ['/usr/bin/colcon', 'build', '--packages-select', 'executors_exercises_pkg']
[0.670s] DEBUG:colcon:Parsed command line arguments: Namespace(log_base=None, log_level=None, verb_name='build', build_base='build', install_base='install', merge_install=False, symlink_install=False, test_result_base=None, continue_on_error=False, executor='parallel', parallel_workers=8, event_handlers=None, ignore_user_meta=False, metas=['./colcon.meta'], base_paths=['.'], packages_ignore=None, packages_ignore_regex=None, paths=None, packages_up_to=None, packages_up_to_regex=None, packages_above=None, packages_above_and_dependencies=None, packages_above_depth=None, packages_select_by_dep=None, packages_skip_by_dep=None, packages_skip_up_to=None, packages_select_build_failed=False, packages_skip_build_finished=False, packages_select_test_failures=False, packages_skip_test_passed=False, packages_select=['executors_exercises_pkg'], packages_skip=None, packages_select_regex=None, packages_skip_regex=None, packages_start=None, packages_end=None, allow_overriding=[], cmake_args=None, cmake_target=None, cmake_target_skip_unavailable=False, cmake_clean_cache=False, cmake_clean_first=False, cmake_force_configure=False, meson_args=[], ament_cmake_args=None, catkin_cmake_args=None, catkin_skip_building_tests=False, mixin_files=None, mixin=None, verb_parser=<colcon_alias.argument_parser.alias.AliasArgumentDecorator object at 0x7f7dd111bee0>, verb_extension=<colcon_core.verb.build.BuildVerb object at 0x7f7dd140b9d0>, main=<bound method BuildVerb.main of <colcon_core.verb.build.BuildVerb object at 0x7f7dd140b9d0>>, mixin_verb=('build',))
[0.702s] Level 1:colcon.colcon_core.package_discovery:discover_packages(colcon_meta) check parameters
[0.702s] Level 1:colcon.colcon_core.package_discovery:discover_packages(recursive) check parameters
[0.702s] Level 1:colcon.colcon_core.package_discovery:discover_packages(ignore) check parameters
[0.702s] Level 1:colcon.colcon_core.package_discovery:discover_packages(path) check parameters
[0.702s] Level 1:colcon.colcon_core.package_discovery:discover_packages(colcon_meta) discover
[0.702s] Level 1:colcon.colcon_core.package_discovery:discover_packages(recursive) discover
[0.702s] INFO:colcon.colcon_core.package_discovery:Crawling recursively for packages in '/home/user/ros2_ws/src'
[0.702s] Level 1:colcon.colcon_core.package_identification:_identify(.) by extensions ['ignore', 'ignore_ament_install']
[0.702s] Level 1:colcon.colcon_core.package_identification:_identify(.) by extension 'ignore'
[0.702s] Level 1:colcon.colcon_core.package_identification:_identify(.) by extension 'ignore_ament_install'
[0.702s] Level 1:colcon.colcon_core.package_identification:_identify(.) by extensions ['colcon_pkg']
[0.703s] Level 1:colcon.colcon_core.package_identification:_identify(.) by extension 'colcon_pkg'
[0.703s] Level 1:colcon.colcon_core.package_identification:_identify(.) by extensions ['colcon_meta']
[0.703s] Level 1:colcon.colcon_core.package_identification:_identify(.) by extension 'colcon_meta'
[0.703s] Level 1:colcon.colcon_core.package_identification:_identify(.) by extensions ['ros']
[0.703s] Level 1:colcon.colcon_core.package_identification:_identify(.) by extension 'ros'
[0.718s] Level 1:colcon.colcon_core.package_identification:_identify(.) by extensions ['cmake', 'meson', 'python']
[0.718s] Level 1:colcon.colcon_core.package_identification:_identify(.) by extension 'cmake'
[0.719s] Level 1:colcon.colcon_core.package_identification:_identify(.) by extension 'meson'
[0.719s] Level 1:colcon.colcon_core.package_identification:_identify(.) by extension 'python'
[0.719s] Level 1:colcon.colcon_core.package_identification:_identify(.) by extensions ['python_setup_py']
[0.719s] Level 1:colcon.colcon_core.package_identification:_identify(.) by extension 'python_setup_py'
[0.719s] Level 1:colcon.colcon_core.package_identification:_identify(build) by extensions ['ignore', 'ignore_ament_install']
[0.719s] Level 1:colcon.colcon_core.package_identification:_identify(build) by extension 'ignore'
[0.719s] Level 1:colcon.colcon_core.package_identification:_identify(build) ignored
[0.719s] Level 1:colcon.colcon_core.package_identification:_identify(executors_exercises_pkg) by extensions ['ignore', 'ignore_ament_install']
[0.720s] Level 1:colcon.colcon_core.package_identification:_identify(executors_exercises_pkg) by extension 'ignore'
[0.720s] Level 1:colcon.colcon_core.package_identification:_identify(executors_exercises_pkg) by extension 'ignore_ament_install'
[0.720s] Level 1:colcon.colcon_core.package_identification:_identify(executors_exercises_pkg) by extensions ['colcon_pkg']
[0.720s] Level 1:colcon.colcon_core.package_identification:_identify(executors_exercises_pkg) by extension 'colcon_pkg'
[0.720s] Level 1:colcon.colcon_core.package_identification:_identify(executors_exercises_pkg) by extensions ['colcon_meta']
[0.720s] Level 1:colcon.colcon_core.package_identification:_identify(executors_exercises_pkg) by extension 'colcon_meta'
[0.720s] Level 1:colcon.colcon_core.package_identification:_identify(executors_exercises_pkg) by extensions ['ros']
[0.720s] Level 1:colcon.colcon_core.package_identification:_identify(executors_exercises_pkg) by extension 'ros'
[0.724s] DEBUG:colcon.colcon_core.package_identification:Package 'executors_exercises_pkg' with type 'ros.ament_cmake' and name 'executors_exercises_pkg'
[0.724s] Level 1:colcon.colcon_core.package_identification:_identify(install) by extensions ['ignore', 'ignore_ament_install']
[0.724s] Level 1:colcon.colcon_core.package_identification:_identify(install) by extension 'ignore'
[0.725s] Level 1:colcon.colcon_core.package_identification:_identify(install) ignored
[0.725s] Level 1:colcon.colcon_core.package_identification:_identify(log) by extensions ['ignore', 'ignore_ament_install']
[0.725s] Level 1:colcon.colcon_core.package_identification:_identify(log) by extension 'ignore'
[0.725s] Level 1:colcon.colcon_core.package_identification:_identify(log) ignored
[0.725s] Level 1:colcon.colcon_core.package_identification:_identify(my_package) by extensions ['ignore', 'ignore_ament_install']
[0.725s] Level 1:colcon.colcon_core.package_identification:_identify(my_package) by extension 'ignore'
[0.725s] Level 1:colcon.colcon_core.package_identification:_identify(my_package) by extension 'ignore_ament_install'
[0.725s] Level 1:colcon.colcon_core.package_identification:_identify(my_package) by extensions ['colcon_pkg']
[0.725s] Level 1:colcon.colcon_core.package_identification:_identify(my_package) by extension 'colcon_pkg'
[0.725s] Level 1:colcon.colcon_core.package_identification:_identify(my_package) by extensions ['colcon_meta']
[0.726s] Level 1:colcon.colcon_core.package_identification:_identify(my_package) by extension 'colcon_meta'
[0.726s] Level 1:colcon.colcon_core.package_identification:_identify(my_package) by extensions ['ros']
[0.726s] Level 1:colcon.colcon_core.package_identification:_identify(my_package) by extension 'ros'
[0.727s] DEBUG:colcon.colcon_core.package_identification:Package 'my_package' with type 'ros.ament_cmake' and name 'my_package'
[0.727s] Level 1:colcon.colcon_core.package_identification:_identify(src) by extensions ['ignore', 'ignore_ament_install']
[0.727s] Level 1:colcon.colcon_core.package_identification:_identify(src) by extension 'ignore'
[0.727s] Level 1:colcon.colcon_core.package_identification:_identify(src) by extension 'ignore_ament_install'
[0.727s] Level 1:colcon.colcon_core.package_identification:_identify(src) by extensions ['colcon_pkg']
[0.727s] Level 1:colcon.colcon_core.package_identification:_identify(src) by extension 'colcon_pkg'
[0.727s] Level 1:colcon.colcon_core.package_identification:_identify(src) by extensions ['colcon_meta']
[0.727s] Level 1:colcon.colcon_core.package_identification:_identify(src) by extension 'colcon_meta'
[0.727s] Level 1:colcon.colcon_core.package_identification:_identify(src) by extensions ['ros']
[0.727s] Level 1:colcon.colcon_core.package_identification:_identify(src) by extension 'ros'
[0.727s] Level 1:colcon.colcon_core.package_identification:_identify(src) by extensions ['cmake', 'meson', 'python']
[0.728s] Level 1:colcon.colcon_core.package_identification:_identify(src) by extension 'cmake'
[0.728s] Level 1:colcon.colcon_core.package_identification:_identify(src) by extension 'meson'
[0.728s] Level 1:colcon.colcon_core.package_identification:_identify(src) by extension 'python'
[0.728s] Level 1:colcon.colcon_core.package_identification:_identify(src) by extensions ['python_setup_py']
[0.728s] Level 1:colcon.colcon_core.package_identification:_identify(src) by extension 'python_setup_py'
[0.728s] Level 1:colcon.colcon_core.package_identification:_identify(src/my_package) by extensions ['ignore', 'ignore_ament_install']
[0.728s] Level 1:colcon.colcon_core.package_identification:_identify(src/my_package) by extension 'ignore'
[0.728s] Level 1:colcon.colcon_core.package_identification:_identify(src/my_package) by extension 'ignore_ament_install'
[0.728s] Level 1:colcon.colcon_core.package_identification:_identify(src/my_package) by extensions ['colcon_pkg']
[0.728s] Level 1:colcon.colcon_core.package_identification:_identify(src/my_package) by extension 'colcon_pkg'
[0.728s] Level 1:colcon.colcon_core.package_identification:_identify(src/my_package) by extensions ['colcon_meta']
[0.728s] Level 1:colcon.colcon_core.package_identification:_identify(src/my_package) by extension 'colcon_meta'
[0.728s] Level 1:colcon.colcon_core.package_identification:_identify(src/my_package) by extensions ['ros']
[0.729s] Level 1:colcon.colcon_core.package_identification:_identify(src/my_package) by extension 'ros'
[0.729s] DEBUG:colcon.colcon_core.package_identification:Package 'src/my_package' with type 'ros.ament_cmake' and name 'my_package'
[0.730s] Level 1:colcon.colcon_core.package_discovery:discover_packages(recursive) using defaults
[0.730s] Level 1:colcon.colcon_core.package_discovery:discover_packages(ignore) discover
[0.730s] Level 1:colcon.colcon_core.package_discovery:discover_packages(ignore) using defaults
[0.730s] Level 1:colcon.colcon_core.package_discovery:discover_packages(path) discover
[0.730s] Level 1:colcon.colcon_core.package_discovery:discover_packages(path) using defaults
[0.757s] INFO:colcon.colcon_core.package_selection:Skipping not selected package 'my_package' in 'my_package'
[0.757s] INFO:colcon.colcon_core.package_selection:Skipping not selected package 'my_package' in 'src/my_package'
[0.758s] Level 1:colcon.colcon_core.package_discovery:discover_packages(prefix_path) check parameters
[0.758s] Level 1:colcon.colcon_core.package_discovery:discover_packages(prefix_path) discover
[0.761s] DEBUG:colcon.colcon_installed_package_information.package_discovery:Found 2 installed packages in /home/user/ros2_ws/src/install
[0.762s] DEBUG:colcon.colcon_installed_package_information.package_discovery:Found 4 installed packages in /home/simulations/ros2_sims_ws/install
[0.763s] DEBUG:colcon.colcon_installed_package_information.package_discovery:Found 2 installed packages in /home/user/ros2_ws/install
[0.766s] DEBUG:colcon.colcon_installed_package_information.package_discovery:Found 417 installed packages in /opt/ros/humble
[0.772s] Level 1:colcon.colcon_core.package_discovery:discover_packages(prefix_path) using defaults
[0.892s] Level 5:colcon.colcon_core.verb:set package 'executors_exercises_pkg' build argument 'cmake_args' from command line to 'None'
[0.892s] Level 5:colcon.colcon_core.verb:set package 'executors_exercises_pkg' build argument 'cmake_target' from command line to 'None'
[0.892s] Level 5:colcon.colcon_core.verb:set package 'executors_exercises_pkg' build argument 'cmake_target_skip_unavailable' from command line to 'False'
[0.892s] Level 5:colcon.colcon_core.verb:set package 'executors_exercises_pkg' build argument 'cmake_clean_cache' from command line to 'False'
[0.892s] Level 5:colcon.colcon_core.verb:set package 'executors_exercises_pkg' build argument 'cmake_clean_first' from command line to 'False'
[0.892s] Level 5:colcon.colcon_core.verb:set package 'executors_exercises_pkg' build argument 'cmake_force_configure' from command line to 'False'
[0.892s] Level 5:colcon.colcon_core.verb:set package 'executors_exercises_pkg' build argument 'meson_args' from command line to '[]'
[0.892s] Level 5:colcon.colcon_core.verb:set package 'executors_exercises_pkg' build argument 'ament_cmake_args' from command line to 'None'
[0.892s] Level 5:colcon.colcon_core.verb:set package 'executors_exercises_pkg' build argument 'catkin_cmake_args' from command line to 'None'
[0.893s] Level 5:colcon.colcon_core.verb:set package 'executors_exercises_pkg' build argument 'catkin_skip_building_tests' from command line to 'False'
[0.893s] DEBUG:colcon.colcon_core.verb:Building package 'executors_exercises_pkg' with the following arguments: {'ament_cmake_args': None, 'build_base': '/home/user/ros2_ws/src/build/executors_exercises_pkg', 'catkin_cmake_args': None, 'catkin_skip_building_tests': False, 'cmake_args': None, 'cmake_clean_cache': False, 'cmake_clean_first': False, 'cmake_force_configure': False, 'cmake_target': None, 'cmake_target_skip_unavailable': False, 'install_base': '/home/user/ros2_ws/src/install/executors_exercises_pkg', 'merge_install': False, 'meson_args': [], 'path': '/home/user/ros2_ws/src/executors_exercises_pkg', 'symlink_install': False, 'test_result_base': None}
[0.894s] INFO:colcon.colcon_core.executor:Executing jobs using 'parallel' executor
[0.897s] DEBUG:colcon.colcon_parallel_executor.executor.parallel:run_until_complete
[0.897s] INFO:colcon.colcon_ros.task.ament_cmake.build:Building ROS package in '/home/user/ros2_ws/src/executors_exercises_pkg' with build type 'ament_cmake'
[0.897s] INFO:colcon.colcon_cmake.task.cmake.build:Building CMake package in '/home/user/ros2_ws/src/executors_exercises_pkg'
[0.904s] INFO:colcon.colcon_core.plugin_system:Skipping extension 'colcon_core.shell.bat': Not used on non-Windows systems
[0.904s] INFO:colcon.colcon_core.shell:Skip shell extension 'powershell' for command environment: Not usable outside of PowerShell
[0.904s] DEBUG:colcon.colcon_core.shell:Skip shell extension 'dsv' for command environment
[0.946s] DEBUG:colcon.colcon_core.event_handler.log_command:Invoking command in '/home/user/ros2_ws/src/build/executors_exercises_pkg': CMAKE_PREFIX_PATH=${CMAKE_PREFIX_PATH}:/opt/ros/humble _=/usr/bin/env /usr/bin/cmake --build /home/user/ros2_ws/src/build/executors_exercises_pkg -- -j8 -l8
[13.687s] DEBUG:colcon.colcon_core.event_handler.log_command:Invoked command in '/home/user/ros2_ws/src/build/executors_exercises_pkg' returned '0': CMAKE_PREFIX_PATH=${CMAKE_PREFIX_PATH}:/opt/ros/humble _=/usr/bin/env /usr/bin/cmake --build /home/user/ros2_ws/src/build/executors_exercises_pkg -- -j8 -l8
[13.845s] DEBUG:colcon.colcon_core.event_handler.log_command:Invoking command in '/home/user/ros2_ws/src/build/executors_exercises_pkg': CMAKE_PREFIX_PATH=${CMAKE_PREFIX_PATH}:/opt/ros/humble _=/usr/bin/env /usr/bin/cmake --install /home/user/ros2_ws/src/build/executors_exercises_pkg
[13.873s] Level 1:colcon.colcon_core.environment:create_environment_scripts_only(executors_exercises_pkg)
[13.881s] DEBUG:colcon.colcon_core.event_handler.log_command:Invoked command in '/home/user/ros2_ws/src/build/executors_exercises_pkg' returned '0': CMAKE_PREFIX_PATH=${CMAKE_PREFIX_PATH}:/opt/ros/humble _=/usr/bin/env /usr/bin/cmake --install /home/user/ros2_ws/src/build/executors_exercises_pkg
[13.882s] Level 1:colcon.colcon_core.environment:checking '/home/user/ros2_ws/src/install/executors_exercises_pkg' for CMake module files
[13.883s] Level 1:colcon.colcon_core.environment:checking '/home/user/ros2_ws/src/install/executors_exercises_pkg' for CMake config files
[13.883s] Level 1:colcon.colcon_core.shell:create_environment_hook('executors_exercises_pkg', 'cmake_prefix_path')
[13.884s] INFO:colcon.colcon_core.shell:Creating environment hook '/home/user/ros2_ws/src/install/executors_exercises_pkg/share/executors_exercises_pkg/hook/cmake_prefix_path.ps1'
[13.885s] INFO:colcon.colcon_core.shell:Creating environment descriptor '/home/user/ros2_ws/src/install/executors_exercises_pkg/share/executors_exercises_pkg/hook/cmake_prefix_path.dsv'
[13.885s] INFO:colcon.colcon_core.shell:Creating environment hook '/home/user/ros2_ws/src/install/executors_exercises_pkg/share/executors_exercises_pkg/hook/cmake_prefix_path.sh'
[13.886s] Level 1:colcon.colcon_core.environment:checking '/home/user/ros2_ws/src/install/executors_exercises_pkg/lib'
[13.886s] Level 1:colcon.colcon_core.environment:checking '/home/user/ros2_ws/src/install/executors_exercises_pkg/bin'
[13.886s] Level 1:colcon.colcon_core.environment:checking '/home/user/ros2_ws/src/install/executors_exercises_pkg/lib/pkgconfig/executors_exercises_pkg.pc'
[13.887s] Level 1:colcon.colcon_core.environment:checking '/home/user/ros2_ws/src/install/executors_exercises_pkg/lib/python3.10/site-packages'
[13.887s] Level 1:colcon.colcon_core.environment:checking '/home/user/ros2_ws/src/install/executors_exercises_pkg/bin'
[13.888s] INFO:colcon.colcon_core.shell:Creating package script '/home/user/ros2_ws/src/install/executors_exercises_pkg/share/executors_exercises_pkg/package.ps1'
[13.889s] INFO:colcon.colcon_core.shell:Creating package descriptor '/home/user/ros2_ws/src/install/executors_exercises_pkg/share/executors_exercises_pkg/package.dsv'
[13.889s] INFO:colcon.colcon_core.shell:Creating package script '/home/user/ros2_ws/src/install/executors_exercises_pkg/share/executors_exercises_pkg/package.sh'
[13.890s] INFO:colcon.colcon_core.shell:Creating package script '/home/user/ros2_ws/src/install/executors_exercises_pkg/share/executors_exercises_pkg/package.bash'
[13.891s] INFO:colcon.colcon_core.shell:Creating package script '/home/user/ros2_ws/src/install/executors_exercises_pkg/share/executors_exercises_pkg/package.zsh'
[13.891s] Level 1:colcon.colcon_core.environment:create_file_with_runtime_dependencies(/home/user/ros2_ws/src/install/executors_exercises_pkg/share/colcon-core/packages/executors_exercises_pkg)
[14.068s] Level 1:colcon.colcon_core.environment:create_environment_scripts_only(executors_exercises_pkg)
[14.071s] Level 1:colcon.colcon_core.environment:checking '/home/user/ros2_ws/src/install/executors_exercises_pkg' for CMake module files
[14.072s] Level 1:colcon.colcon_core.environment:checking '/home/user/ros2_ws/src/install/executors_exercises_pkg' for CMake config files
[14.073s] Level 1:colcon.colcon_core.shell:create_environment_hook('executors_exercises_pkg', 'cmake_prefix_path')
[14.075s] INFO:colcon.colcon_core.shell:Creating environment hook '/home/user/ros2_ws/src/install/executors_exercises_pkg/share/executors_exercises_pkg/hook/cmake_prefix_path.ps1'
[14.076s] INFO:colcon.colcon_core.shell:Creating environment descriptor '/home/user/ros2_ws/src/install/executors_exercises_pkg/share/executors_exercises_pkg/hook/cmake_prefix_path.dsv'
[14.076s] INFO:colcon.colcon_core.shell:Creating environment hook '/home/user/ros2_ws/src/install/executors_exercises_pkg/share/executors_exercises_pkg/hook/cmake_prefix_path.sh'
[14.077s] Level 1:colcon.colcon_core.environment:checking '/home/user/ros2_ws/src/install/executors_exercises_pkg/lib'
[14.078s] Level 1:colcon.colcon_core.environment:checking '/home/user/ros2_ws/src/install/executors_exercises_pkg/bin'
[14.079s] Level 1:colcon.colcon_core.environment:checking '/home/user/ros2_ws/src/install/executors_exercises_pkg/lib/pkgconfig/executors_exercises_pkg.pc'
[14.079s] Level 1:colcon.colcon_core.environment:checking '/home/user/ros2_ws/src/install/executors_exercises_pkg/lib/python3.10/site-packages'
[14.079s] Level 1:colcon.colcon_core.environment:checking '/home/user/ros2_ws/src/install/executors_exercises_pkg/bin'
[14.082s] INFO:colcon.colcon_core.shell:Creating package script '/home/user/ros2_ws/src/install/executors_exercises_pkg/share/executors_exercises_pkg/package.ps1'
[14.083s] INFO:colcon.colcon_core.shell:Creating package descriptor '/home/user/ros2_ws/src/install/executors_exercises_pkg/share/executors_exercises_pkg/package.dsv'
[14.084s] INFO:colcon.colcon_core.shell:Creating package script '/home/user/ros2_ws/src/install/executors_exercises_pkg/share/executors_exercises_pkg/package.sh'
[14.084s] INFO:colcon.colcon_core.shell:Creating package script '/home/user/ros2_ws/src/install/executors_exercises_pkg/share/executors_exercises_pkg/package.bash'
[14.085s] INFO:colcon.colcon_core.shell:Creating package script '/home/user/ros2_ws/src/install/executors_exercises_pkg/share/executors_exercises_pkg/package.zsh'
[14.085s] Level 1:colcon.colcon_core.environment:create_file_with_runtime_dependencies(/home/user/ros2_ws/src/install/executors_exercises_pkg/share/colcon-core/packages/executors_exercises_pkg)
[14.086s] DEBUG:colcon.colcon_parallel_executor.executor.parallel:closing loop
[14.086s] DEBUG:colcon.colcon_parallel_executor.executor.parallel:loop closed
[14.087s] DEBUG:colcon.colcon_parallel_executor.executor.parallel:run_until_complete finished with '0'
[14.087s] DEBUG:colcon.colcon_core.event_reactor:joining thread
[14.094s] INFO:colcon.colcon_core.plugin_system:Skipping extension 'colcon_notification.desktop_notification.notify_send': Could not find 'notify-send'
[14.094s] INFO:colcon.colcon_core.plugin_system:Skipping extension 'colcon_notification.desktop_notification.terminal_notifier': Not used on non-Darwin systems
[14.094s] INFO:colcon.colcon_core.plugin_system:Skipping extension 'colcon_notification.desktop_notification.win32': Not used on non-Windows systems
[14.094s] INFO:colcon.colcon_notification.desktop_notification:Sending desktop notification using 'notify2'
[14.106s] DEBUG:colcon.colcon_notification.desktop_notification.notify2:Failed to initialize notify2: org.freedesktop.DBus.Error.Spawn.ExecFailed: /usr/bin/dbus-launch terminated abnormally without any error message
[14.106s] DEBUG:colcon.colcon_core.event_reactor:joined thread
[14.108s] INFO:colcon.colcon_core.shell:Creating prefix script '/home/user/ros2_ws/src/install/local_setup.ps1'
[14.110s] INFO:colcon.colcon_core.shell:Creating prefix util module '/home/user/ros2_ws/src/install/_local_setup_util_ps1.py'
[14.112s] INFO:colcon.colcon_core.shell:Creating prefix chain script '/home/user/ros2_ws/src/install/setup.ps1'
[14.114s] INFO:colcon.colcon_core.shell:Creating prefix script '/home/user/ros2_ws/src/install/local_setup.sh'
[14.115s] INFO:colcon.colcon_core.shell:Creating prefix util module '/home/user/ros2_ws/src/install/_local_setup_util_sh.py'
[14.116s] INFO:colcon.colcon_core.shell:Creating prefix chain script '/home/user/ros2_ws/src/install/setup.sh'
[14.119s] INFO:colcon.colcon_core.shell:Creating prefix script '/home/user/ros2_ws/src/install/local_setup.bash'
[14.120s] INFO:colcon.colcon_core.shell:Creating prefix chain script '/home/user/ros2_ws/src/install/setup.bash'
[14.122s] INFO:colcon.colcon_core.shell:Creating prefix script '/home/user/ros2_ws/src/install/local_setup.zsh'
[14.123s] INFO:colcon.colcon_core.shell:Creating prefix chain script '/home/user/ros2_ws/src/install/setup.zsh'
